2025-09-06 18:04:09.045 [main] INFO  c.e.s.StockAnalyticsApplication - Starting StockAnalyticsApplication using Java 24.0.2 with PID 15056 (C:\Users\karth\OneDrive\Desktop\EUREKA\SPRING-BOOT\springboot-stockanalytics-va-aug2025\target\classes started by karth in C:\Users\karth\OneDrive\Desktop\EUREKA\SPRING-BOOT\springboot-stockanalytics-va-aug2025)
2025-09-06 18:04:09.048 [main] INFO  c.e.s.StockAnalyticsApplication - No active profile set, falling back to 1 default profile: "default"
2025-09-06 18:04:10.457 [main] INFO  o.s.d.r.c.RepositoryConfigurationDelegate - Multiple Spring Data modules found, entering strict repository configuration mode
2025-09-06 18:04:10.460 [main] INFO  o.s.d.r.c.RepositoryConfigurationDelegate - Bootstrapping Spring Data JDBC repositories in DEFAULT mode.
2025-09-06 18:04:10.499 [main] INFO  o.s.d.r.c.RepositoryConfigurationDelegate - Finished Spring Data repository scanning in 27 ms. Found 0 JDBC repository interfaces.
2025-09-06 18:04:10.516 [main] INFO  o.s.d.r.c.RepositoryConfigurationDelegate - Multiple Spring Data modules found, entering strict repository configuration mode
2025-09-06 18:04:10.518 [main] INFO  o.s.d.r.c.RepositoryConfigurationDelegate - Bootstrapping Spring Data JPA repositories in DEFAULT mode.
2025-09-06 18:04:10.533 [main] INFO  o.s.d.r.c.RepositoryConfigurationDelegate - Finished Spring Data repository scanning in 4 ms. Found 0 JPA repository interfaces.
2025-09-06 18:04:10.908 [main] INFO  o.s.cloud.context.scope.GenericScope - BeanFactory id=6281bf4f-03eb-32d3-83b2-9fb801d304f6
2025-09-06 18:04:11.622 [main] INFO  o.s.b.w.e.tomcat.TomcatWebServer - Tomcat initialized with port 65000 (http)
2025-09-06 18:04:11.641 [main] INFO  o.a.coyote.http11.Http11NioProtocol - Initializing ProtocolHandler ["http-nio-65000"]
2025-09-06 18:04:11.644 [main] INFO  o.a.catalina.core.StandardService - Starting service [Tomcat]
2025-09-06 18:04:11.645 [main] INFO  o.a.catalina.core.StandardEngine - Starting Servlet engine: [Apache Tomcat/10.1.44]
2025-09-06 18:04:11.738 [main] INFO  o.a.c.c.C.[.[.[/stockanalytics] - Initializing Spring embedded WebApplicationContext
2025-09-06 18:04:11.739 [main] INFO  o.s.b.w.s.c.ServletWebServerApplicationContext - Root WebApplicationContext: initialization completed in 2613 ms
2025-09-06 18:04:11.993 [main] INFO  com.zaxxer.hikari.HikariDataSource - HikariPool-1 - Starting...
2025-09-06 18:04:12.367 [main] INFO  com.zaxxer.hikari.pool.HikariPool - HikariPool-1 - Added connection org.postgresql.jdbc.PgConnection@7e49ded
2025-09-06 18:04:12.369 [main] INFO  com.zaxxer.hikari.HikariDataSource - HikariPool-1 - Start completed.
2025-09-06 18:04:12.452 [main] INFO  o.h.jpa.internal.util.LogHelper - HHH000204: Processing PersistenceUnitInfo [name: default]
2025-09-06 18:04:12.704 [main] INFO  org.hibernate.Version - HHH000412: Hibernate ORM core version 6.6.26.Final
2025-09-06 18:04:12.785 [main] INFO  o.h.c.i.RegionFactoryInitiator - HHH000026: Second-level cache disabled
2025-09-06 18:04:13.278 [main] INFO  o.s.o.j.p.SpringPersistenceUnitInfo - No LoadTimeWeaver setup: ignoring JPA class transformer
2025-09-06 18:04:13.542 [main] INFO  o.hibernate.orm.connections.pooling - HHH10001005: Database info:
	Database JDBC URL [Connecting through datasource 'HikariDataSource (HikariPool-1)']
	Database driver: undefined/unknown
	Database version: 15.5
	Autocommit mode: undefined/unknown
	Isolation level: undefined/unknown
	Minimum pool size: undefined/unknown
	Maximum pool size: undefined/unknown
2025-09-06 18:04:13.969 [main] INFO  o.h.e.t.j.p.i.JtaPlatformInitiator - HHH000489: No JTA platform available (set 'hibernate.transaction.jta.platform' to enable JTA platform integration)
2025-09-06 18:04:13.976 [main] INFO  o.s.o.j.LocalContainerEntityManagerFactoryBean - Initialized JPA EntityManagerFactory for persistence unit 'default'
2025-09-06 18:04:14.062 [main] WARN  o.s.b.a.o.j.JpaBaseConfiguration$JpaWebConfiguration - spring.jpa.open-in-view is enabled by default. Therefore, database queries may be performed during view rendering. Explicitly configure spring.jpa.open-in-view to disable this warning
2025-09-06 18:04:14.976 [main] INFO  o.a.coyote.http11.Http11NioProtocol - Starting ProtocolHandler ["http-nio-65000"]
2025-09-06 18:04:15.000 [main] INFO  o.s.b.w.e.tomcat.TomcatWebServer - Tomcat started on port 65000 (http) with context path '/stockanalytics'
2025-09-06 18:04:15.016 [main] INFO  c.e.s.StockAnalyticsApplication - Started StockAnalyticsApplication in 6.75 seconds (process running for 8.097)
2025-09-06 18:11:52.614 [SpringApplicationShutdownHook] INFO  o.s.b.w.e.tomcat.GracefulShutdown - Commencing graceful shutdown. Waiting for active requests to complete
2025-09-06 18:11:52.655 [tomcat-shutdown] INFO  o.s.b.w.e.tomcat.GracefulShutdown - Graceful shutdown complete
2025-09-06 18:11:52.699 [SpringApplicationShutdownHook] INFO  o.s.o.j.LocalContainerEntityManagerFactoryBean - Closing JPA EntityManagerFactory for persistence unit 'default'
2025-09-06 18:11:52.735 [SpringApplicationShutdownHook] INFO  com.zaxxer.hikari.HikariDataSource - HikariPool-1 - Shutdown initiated...
2025-09-06 18:11:52.751 [SpringApplicationShutdownHook] INFO  com.zaxxer.hikari.HikariDataSource - HikariPool-1 - Shutdown completed.
2025-09-06 18:11:58.687 [main] INFO  c.e.s.StockAnalyticsApplication - Starting StockAnalyticsApplication using Java 24.0.2 with PID 21448 (C:\Users\karth\OneDrive\Desktop\EUREKA\SPRING-BOOT\springboot-stockanalytics-va-aug2025\target\classes started by karth in C:\Users\karth\OneDrive\Desktop\EUREKA\SPRING-BOOT\springboot-stockanalytics-va-aug2025)
2025-09-06 18:11:58.690 [main] INFO  c.e.s.StockAnalyticsApplication - No active profile set, falling back to 1 default profile: "default"
2025-09-06 18:11:59.787 [main] INFO  o.s.d.r.c.RepositoryConfigurationDelegate - Multiple Spring Data modules found, entering strict repository configuration mode
2025-09-06 18:11:59.789 [main] INFO  o.s.d.r.c.RepositoryConfigurationDelegate - Bootstrapping Spring Data JDBC repositories in DEFAULT mode.
2025-09-06 18:11:59.820 [main] INFO  o.s.d.r.c.RepositoryConfigurationDelegate - Finished Spring Data repository scanning in 19 ms. Found 0 JDBC repository interfaces.
2025-09-06 18:11:59.837 [main] INFO  o.s.d.r.c.RepositoryConfigurationDelegate - Multiple Spring Data modules found, entering strict repository configuration mode
2025-09-06 18:11:59.839 [main] INFO  o.s.d.r.c.RepositoryConfigurationDelegate - Bootstrapping Spring Data JPA repositories in DEFAULT mode.
2025-09-06 18:11:59.850 [main] INFO  o.s.d.r.c.RepositoryConfigurationDelegate - Finished Spring Data repository scanning in 4 ms. Found 0 JPA repository interfaces.
2025-09-06 18:12:00.153 [main] INFO  o.s.cloud.context.scope.GenericScope - BeanFactory id=6281bf4f-03eb-32d3-83b2-9fb801d304f6
2025-09-06 18:12:00.807 [main] INFO  o.s.b.w.e.tomcat.TomcatWebServer - Tomcat initialized with port 65000 (http)
2025-09-06 18:12:00.829 [main] INFO  o.a.coyote.http11.Http11NioProtocol - Initializing ProtocolHandler ["http-nio-65000"]
2025-09-06 18:12:00.833 [main] INFO  o.a.catalina.core.StandardService - Starting service [Tomcat]
2025-09-06 18:12:00.833 [main] INFO  o.a.catalina.core.StandardEngine - Starting Servlet engine: [Apache Tomcat/10.1.44]
2025-09-06 18:12:00.916 [main] INFO  o.a.c.c.C.[.[.[/stockanalytics] - Initializing Spring embedded WebApplicationContext
2025-09-06 18:12:00.918 [main] INFO  o.s.b.w.s.c.ServletWebServerApplicationContext - Root WebApplicationContext: initialization completed in 2157 ms
2025-09-06 18:12:01.133 [main] INFO  com.zaxxer.hikari.HikariDataSource - HikariPool-1 - Starting...
2025-09-06 18:12:01.513 [main] INFO  com.zaxxer.hikari.pool.HikariPool - HikariPool-1 - Added connection org.postgresql.jdbc.PgConnection@1b560eb0
2025-09-06 18:12:01.516 [main] INFO  com.zaxxer.hikari.HikariDataSource - HikariPool-1 - Start completed.
2025-09-06 18:12:01.600 [main] INFO  o.h.jpa.internal.util.LogHelper - HHH000204: Processing PersistenceUnitInfo [name: default]
2025-09-06 18:12:01.717 [main] INFO  org.hibernate.Version - HHH000412: Hibernate ORM core version 6.6.26.Final
2025-09-06 18:12:01.792 [main] INFO  o.h.c.i.RegionFactoryInitiator - HHH000026: Second-level cache disabled
2025-09-06 18:12:02.277 [main] INFO  o.s.o.j.p.SpringPersistenceUnitInfo - No LoadTimeWeaver setup: ignoring JPA class transformer
2025-09-06 18:12:02.520 [main] INFO  o.hibernate.orm.connections.pooling - HHH10001005: Database info:
	Database JDBC URL [Connecting through datasource 'HikariDataSource (HikariPool-1)']
	Database driver: undefined/unknown
	Database version: 15.5
	Autocommit mode: undefined/unknown
	Isolation level: undefined/unknown
	Minimum pool size: undefined/unknown
	Maximum pool size: undefined/unknown
2025-09-06 18:12:02.954 [main] INFO  o.h.e.t.j.p.i.JtaPlatformInitiator - HHH000489: No JTA platform available (set 'hibernate.transaction.jta.platform' to enable JTA platform integration)
2025-09-06 18:12:02.962 [main] INFO  o.s.o.j.LocalContainerEntityManagerFactoryBean - Initialized JPA EntityManagerFactory for persistence unit 'default'
2025-09-06 18:12:03.040 [main] WARN  o.s.b.a.o.j.JpaBaseConfiguration$JpaWebConfiguration - spring.jpa.open-in-view is enabled by default. Therefore, database queries may be performed during view rendering. Explicitly configure spring.jpa.open-in-view to disable this warning
2025-09-06 18:12:03.875 [main] INFO  o.a.coyote.http11.Http11NioProtocol - Starting ProtocolHandler ["http-nio-65000"]
2025-09-06 18:12:03.906 [main] INFO  o.s.b.w.e.tomcat.TomcatWebServer - Tomcat started on port 65000 (http) with context path '/stockanalytics'
2025-09-06 18:12:03.919 [main] INFO  c.e.s.StockAnalyticsApplication - Started StockAnalyticsApplication in 5.909 seconds (process running for 7.084)
2025-09-06 18:12:14.603 [http-nio-65000-exec-2] INFO  o.a.c.c.C.[.[.[/stockanalytics] - Initializing Spring DispatcherServlet 'dispatcherServlet'
2025-09-06 18:12:14.603 [http-nio-65000-exec-2] INFO  o.s.web.servlet.DispatcherServlet - Initializing Servlet 'dispatcherServlet'
2025-09-06 18:12:14.605 [http-nio-65000-exec-2] INFO  o.s.web.servlet.DispatcherServlet - Completed initialization in 2 ms
2025-09-06 18:12:14.827 [http-nio-65000-exec-2] INFO  c.e.s.controllers.FinanceController - Inside getMultipleStockPriceHistoryCustom:SPHCustomRequestVO{tickers=[MSFT, NVDA], fromDate=2026-01-01, toDate=2025-01-05}

2025-09-06 18:12:14.828 [http-nio-65000-exec-2] INFO  c.e.s.controllers.FinanceController - Bad Request from date: 2026-01-01 greater than to date:2025-01-05
2025-09-06 18:12:50.590 [SpringApplicationShutdownHook] INFO  o.s.b.w.e.tomcat.GracefulShutdown - Commencing graceful shutdown. Waiting for active requests to complete
2025-09-06 18:12:50.594 [tomcat-shutdown] INFO  o.s.b.w.e.tomcat.GracefulShutdown - Graceful shutdown complete
2025-09-06 18:12:50.600 [SpringApplicationShutdownHook] INFO  o.s.o.j.LocalContainerEntityManagerFactoryBean - Closing JPA EntityManagerFactory for persistence unit 'default'
2025-09-06 18:12:50.603 [SpringApplicationShutdownHook] INFO  com.zaxxer.hikari.HikariDataSource - HikariPool-1 - Shutdown initiated...
2025-09-06 18:12:50.606 [SpringApplicationShutdownHook] INFO  com.zaxxer.hikari.HikariDataSource - HikariPool-1 - Shutdown completed.
2025-09-06 18:12:55.898 [main] INFO  c.e.s.StockAnalyticsApplication - Starting StockAnalyticsApplication using Java 24.0.2 with PID 3552 (C:\Users\karth\OneDrive\Desktop\EUREKA\SPRING-BOOT\springboot-stockanalytics-va-aug2025\target\classes started by karth in C:\Users\karth\OneDrive\Desktop\EUREKA\SPRING-BOOT\springboot-stockanalytics-va-aug2025)
2025-09-06 18:12:55.905 [main] INFO  c.e.s.StockAnalyticsApplication - No active profile set, falling back to 1 default profile: "default"
2025-09-06 18:12:57.010 [main] INFO  o.s.d.r.c.RepositoryConfigurationDelegate - Multiple Spring Data modules found, entering strict repository configuration mode
2025-09-06 18:12:57.012 [main] INFO  o.s.d.r.c.RepositoryConfigurationDelegate - Bootstrapping Spring Data JDBC repositories in DEFAULT mode.
2025-09-06 18:12:57.044 [main] INFO  o.s.d.r.c.RepositoryConfigurationDelegate - Finished Spring Data repository scanning in 21 ms. Found 0 JDBC repository interfaces.
2025-09-06 18:12:57.060 [main] INFO  o.s.d.r.c.RepositoryConfigurationDelegate - Multiple Spring Data modules found, entering strict repository configuration mode
2025-09-06 18:12:57.061 [main] INFO  o.s.d.r.c.RepositoryConfigurationDelegate - Bootstrapping Spring Data JPA repositories in DEFAULT mode.
2025-09-06 18:12:57.073 [main] INFO  o.s.d.r.c.RepositoryConfigurationDelegate - Finished Spring Data repository scanning in 3 ms. Found 0 JPA repository interfaces.
2025-09-06 18:12:57.380 [main] INFO  o.s.cloud.context.scope.GenericScope - BeanFactory id=6281bf4f-03eb-32d3-83b2-9fb801d304f6
2025-09-06 18:12:58.111 [main] INFO  o.s.b.w.e.tomcat.TomcatWebServer - Tomcat initialized with port 65000 (http)
2025-09-06 18:12:58.142 [main] INFO  o.a.coyote.http11.Http11NioProtocol - Initializing ProtocolHandler ["http-nio-65000"]
2025-09-06 18:12:58.144 [main] INFO  o.a.catalina.core.StandardService - Starting service [Tomcat]
2025-09-06 18:12:58.146 [main] INFO  o.a.catalina.core.StandardEngine - Starting Servlet engine: [Apache Tomcat/10.1.44]
2025-09-06 18:12:58.245 [main] INFO  o.a.c.c.C.[.[.[/stockanalytics] - Initializing Spring embedded WebApplicationContext
2025-09-06 18:12:58.246 [main] INFO  o.s.b.w.s.c.ServletWebServerApplicationContext - Root WebApplicationContext: initialization completed in 2246 ms
2025-09-06 18:12:58.471 [main] INFO  com.zaxxer.hikari.HikariDataSource - HikariPool-1 - Starting...
2025-09-06 18:12:58.881 [main] INFO  com.zaxxer.hikari.pool.HikariPool - HikariPool-1 - Added connection org.postgresql.jdbc.PgConnection@68bd8ca7
2025-09-06 18:12:58.887 [main] INFO  com.zaxxer.hikari.HikariDataSource - HikariPool-1 - Start completed.
2025-09-06 18:12:58.963 [main] INFO  o.h.jpa.internal.util.LogHelper - HHH000204: Processing PersistenceUnitInfo [name: default]
2025-09-06 18:12:59.076 [main] INFO  org.hibernate.Version - HHH000412: Hibernate ORM core version 6.6.26.Final
2025-09-06 18:12:59.157 [main] INFO  o.h.c.i.RegionFactoryInitiator - HHH000026: Second-level cache disabled
2025-09-06 18:12:59.726 [main] INFO  o.s.o.j.p.SpringPersistenceUnitInfo - No LoadTimeWeaver setup: ignoring JPA class transformer
2025-09-06 18:13:00.006 [main] INFO  o.hibernate.orm.connections.pooling - HHH10001005: Database info:
	Database JDBC URL [Connecting through datasource 'HikariDataSource (HikariPool-1)']
	Database driver: undefined/unknown
	Database version: 15.5
	Autocommit mode: undefined/unknown
	Isolation level: undefined/unknown
	Minimum pool size: undefined/unknown
	Maximum pool size: undefined/unknown
2025-09-06 18:13:00.502 [main] INFO  o.h.e.t.j.p.i.JtaPlatformInitiator - HHH000489: No JTA platform available (set 'hibernate.transaction.jta.platform' to enable JTA platform integration)
2025-09-06 18:13:00.509 [main] INFO  o.s.o.j.LocalContainerEntityManagerFactoryBean - Initialized JPA EntityManagerFactory for persistence unit 'default'
2025-09-06 18:13:00.599 [main] WARN  o.s.b.a.o.j.JpaBaseConfiguration$JpaWebConfiguration - spring.jpa.open-in-view is enabled by default. Therefore, database queries may be performed during view rendering. Explicitly configure spring.jpa.open-in-view to disable this warning
2025-09-06 18:13:01.495 [main] INFO  o.a.coyote.http11.Http11NioProtocol - Starting ProtocolHandler ["http-nio-65000"]
2025-09-06 18:13:01.521 [main] INFO  o.s.b.w.e.tomcat.TomcatWebServer - Tomcat started on port 65000 (http) with context path '/stockanalytics'
2025-09-06 18:13:01.537 [main] INFO  c.e.s.StockAnalyticsApplication - Started StockAnalyticsApplication in 6.349 seconds (process running for 8.798)
2025-09-06 18:13:08.045 [http-nio-65000-exec-3] INFO  o.a.c.c.C.[.[.[/stockanalytics] - Initializing Spring DispatcherServlet 'dispatcherServlet'
2025-09-06 18:13:08.045 [http-nio-65000-exec-3] INFO  o.s.web.servlet.DispatcherServlet - Initializing Servlet 'dispatcherServlet'
2025-09-06 18:13:08.047 [http-nio-65000-exec-3] INFO  o.s.web.servlet.DispatcherServlet - Completed initialization in 1 ms
2025-09-06 18:13:08.288 [http-nio-65000-exec-3] INFO  c.e.s.controllers.FinanceController - Inside getMultipleStockPriceHistoryCustom:SPHCustomRequestVO{tickers=[MSFT, NVDA], fromDate=2026-01-01, toDate=2025-01-05}

2025-09-06 18:13:08.290 [http-nio-65000-exec-3] INFO  c.e.s.controllers.FinanceController - Bad Request from date: 2026-01-01 greater than to date:2025-01-05
2025-09-06 18:14:52.229 [SpringApplicationShutdownHook] INFO  o.s.b.w.e.tomcat.GracefulShutdown - Commencing graceful shutdown. Waiting for active requests to complete
2025-09-06 18:14:52.240 [tomcat-shutdown] INFO  o.s.b.w.e.tomcat.GracefulShutdown - Graceful shutdown complete
2025-09-06 18:14:52.254 [SpringApplicationShutdownHook] INFO  o.s.o.j.LocalContainerEntityManagerFactoryBean - Closing JPA EntityManagerFactory for persistence unit 'default'
2025-09-06 18:14:52.261 [SpringApplicationShutdownHook] INFO  com.zaxxer.hikari.HikariDataSource - HikariPool-1 - Shutdown initiated...
2025-09-06 18:14:52.269 [SpringApplicationShutdownHook] INFO  com.zaxxer.hikari.HikariDataSource - HikariPool-1 - Shutdown completed.
2025-09-06 18:14:59.296 [main] INFO  c.e.s.StockAnalyticsApplication - Starting StockAnalyticsApplication using Java 24.0.2 with PID 19032 (C:\Users\karth\OneDrive\Desktop\EUREKA\SPRING-BOOT\springboot-stockanalytics-va-aug2025\target\classes started by karth in C:\Users\karth\OneDrive\Desktop\EUREKA\SPRING-BOOT\springboot-stockanalytics-va-aug2025)
2025-09-06 18:14:59.300 [main] INFO  c.e.s.StockAnalyticsApplication - No active profile set, falling back to 1 default profile: "default"
2025-09-06 18:15:00.822 [main] INFO  o.s.d.r.c.RepositoryConfigurationDelegate - Multiple Spring Data modules found, entering strict repository configuration mode
2025-09-06 18:15:00.826 [main] INFO  o.s.d.r.c.RepositoryConfigurationDelegate - Bootstrapping Spring Data JDBC repositories in DEFAULT mode.
2025-09-06 18:15:00.869 [main] INFO  o.s.d.r.c.RepositoryConfigurationDelegate - Finished Spring Data repository scanning in 28 ms. Found 0 JDBC repository interfaces.
2025-09-06 18:15:00.890 [main] INFO  o.s.d.r.c.RepositoryConfigurationDelegate - Multiple Spring Data modules found, entering strict repository configuration mode
2025-09-06 18:15:00.893 [main] INFO  o.s.d.r.c.RepositoryConfigurationDelegate - Bootstrapping Spring Data JPA repositories in DEFAULT mode.
2025-09-06 18:15:00.908 [main] INFO  o.s.d.r.c.RepositoryConfigurationDelegate - Finished Spring Data repository scanning in 4 ms. Found 0 JPA repository interfaces.
2025-09-06 18:15:01.326 [main] INFO  o.s.cloud.context.scope.GenericScope - BeanFactory id=6281bf4f-03eb-32d3-83b2-9fb801d304f6
2025-09-06 18:15:01.981 [main] INFO  o.s.b.w.e.tomcat.TomcatWebServer - Tomcat initialized with port 65000 (http)
2025-09-06 18:15:02.001 [main] INFO  o.a.coyote.http11.Http11NioProtocol - Initializing ProtocolHandler ["http-nio-65000"]
2025-09-06 18:15:02.005 [main] INFO  o.a.catalina.core.StandardService - Starting service [Tomcat]
2025-09-06 18:15:02.005 [main] INFO  o.a.catalina.core.StandardEngine - Starting Servlet engine: [Apache Tomcat/10.1.44]
2025-09-06 18:15:02.104 [main] INFO  o.a.c.c.C.[.[.[/stockanalytics] - Initializing Spring embedded WebApplicationContext
2025-09-06 18:15:02.105 [main] INFO  o.s.b.w.s.c.ServletWebServerApplicationContext - Root WebApplicationContext: initialization completed in 2713 ms
2025-09-06 18:15:02.335 [main] INFO  com.zaxxer.hikari.HikariDataSource - HikariPool-1 - Starting...
2025-09-06 18:15:02.755 [main] INFO  com.zaxxer.hikari.pool.HikariPool - HikariPool-1 - Added connection org.postgresql.jdbc.PgConnection@67328bcb
2025-09-06 18:15:02.758 [main] INFO  com.zaxxer.hikari.HikariDataSource - HikariPool-1 - Start completed.
2025-09-06 18:15:02.834 [main] INFO  o.h.jpa.internal.util.LogHelper - HHH000204: Processing PersistenceUnitInfo [name: default]
2025-09-06 18:15:02.939 [main] INFO  org.hibernate.Version - HHH000412: Hibernate ORM core version 6.6.26.Final
2025-09-06 18:15:03.008 [main] INFO  o.h.c.i.RegionFactoryInitiator - HHH000026: Second-level cache disabled
2025-09-06 18:15:03.513 [main] INFO  o.s.o.j.p.SpringPersistenceUnitInfo - No LoadTimeWeaver setup: ignoring JPA class transformer
2025-09-06 18:15:03.770 [main] INFO  o.hibernate.orm.connections.pooling - HHH10001005: Database info:
	Database JDBC URL [Connecting through datasource 'HikariDataSource (HikariPool-1)']
	Database driver: undefined/unknown
	Database version: 15.5
	Autocommit mode: undefined/unknown
	Isolation level: undefined/unknown
	Minimum pool size: undefined/unknown
	Maximum pool size: undefined/unknown
2025-09-06 18:15:04.236 [main] INFO  o.h.e.t.j.p.i.JtaPlatformInitiator - HHH000489: No JTA platform available (set 'hibernate.transaction.jta.platform' to enable JTA platform integration)
2025-09-06 18:15:04.246 [main] INFO  o.s.o.j.LocalContainerEntityManagerFactoryBean - Initialized JPA EntityManagerFactory for persistence unit 'default'
2025-09-06 18:15:04.334 [main] WARN  o.s.b.a.o.j.JpaBaseConfiguration$JpaWebConfiguration - spring.jpa.open-in-view is enabled by default. Therefore, database queries may be performed during view rendering. Explicitly configure spring.jpa.open-in-view to disable this warning
2025-09-06 18:15:05.287 [main] INFO  o.a.coyote.http11.Http11NioProtocol - Starting ProtocolHandler ["http-nio-65000"]
2025-09-06 18:15:05.316 [main] INFO  o.s.b.w.e.tomcat.TomcatWebServer - Tomcat started on port 65000 (http) with context path '/stockanalytics'
2025-09-06 18:15:05.331 [main] INFO  c.e.s.StockAnalyticsApplication - Started StockAnalyticsApplication in 7.15 seconds (process running for 8.87)
2025-09-06 18:15:10.863 [http-nio-65000-exec-4] INFO  o.a.c.c.C.[.[.[/stockanalytics] - Initializing Spring DispatcherServlet 'dispatcherServlet'
2025-09-06 18:15:10.863 [http-nio-65000-exec-4] INFO  o.s.web.servlet.DispatcherServlet - Initializing Servlet 'dispatcherServlet'
2025-09-06 18:15:10.865 [http-nio-65000-exec-4] INFO  o.s.web.servlet.DispatcherServlet - Completed initialization in 2 ms
2025-09-06 18:15:11.081 [http-nio-65000-exec-4] INFO  c.e.s.controllers.FinanceController - Inside getMultipleStockPriceHistoryCustom:SPHCustomRequestVO{tickers=[MSFT, NVDA], fromDate=2026-01-01, toDate=2025-01-05}

2025-09-06 18:15:57.464 [SpringApplicationShutdownHook] INFO  o.s.b.w.e.tomcat.GracefulShutdown - Commencing graceful shutdown. Waiting for active requests to complete
2025-09-06 18:15:57.468 [tomcat-shutdown] INFO  o.s.b.w.e.tomcat.GracefulShutdown - Graceful shutdown complete
2025-09-06 18:15:57.473 [SpringApplicationShutdownHook] INFO  o.s.o.j.LocalContainerEntityManagerFactoryBean - Closing JPA EntityManagerFactory for persistence unit 'default'
2025-09-06 18:15:57.476 [SpringApplicationShutdownHook] INFO  com.zaxxer.hikari.HikariDataSource - HikariPool-1 - Shutdown initiated...
2025-09-06 18:15:57.480 [SpringApplicationShutdownHook] INFO  com.zaxxer.hikari.HikariDataSource - HikariPool-1 - Shutdown completed.
2025-09-06 18:16:01.576 [main] INFO  c.e.s.StockAnalyticsApplication - Starting StockAnalyticsApplication using Java 24.0.2 with PID 6396 (C:\Users\karth\OneDrive\Desktop\EUREKA\SPRING-BOOT\springboot-stockanalytics-va-aug2025\target\classes started by karth in C:\Users\karth\OneDrive\Desktop\EUREKA\SPRING-BOOT\springboot-stockanalytics-va-aug2025)
2025-09-06 18:16:01.589 [main] INFO  c.e.s.StockAnalyticsApplication - No active profile set, falling back to 1 default profile: "default"
2025-09-06 18:16:02.805 [main] INFO  o.s.d.r.c.RepositoryConfigurationDelegate - Multiple Spring Data modules found, entering strict repository configuration mode
2025-09-06 18:16:02.808 [main] INFO  o.s.d.r.c.RepositoryConfigurationDelegate - Bootstrapping Spring Data JDBC repositories in DEFAULT mode.
2025-09-06 18:16:02.843 [main] INFO  o.s.d.r.c.RepositoryConfigurationDelegate - Finished Spring Data repository scanning in 23 ms. Found 0 JDBC repository interfaces.
2025-09-06 18:16:02.859 [main] INFO  o.s.d.r.c.RepositoryConfigurationDelegate - Multiple Spring Data modules found, entering strict repository configuration mode
2025-09-06 18:16:02.862 [main] INFO  o.s.d.r.c.RepositoryConfigurationDelegate - Bootstrapping Spring Data JPA repositories in DEFAULT mode.
2025-09-06 18:16:02.874 [main] INFO  o.s.d.r.c.RepositoryConfigurationDelegate - Finished Spring Data repository scanning in 4 ms. Found 0 JPA repository interfaces.
2025-09-06 18:16:03.183 [main] INFO  o.s.cloud.context.scope.GenericScope - BeanFactory id=6281bf4f-03eb-32d3-83b2-9fb801d304f6
2025-09-06 18:16:03.849 [main] INFO  o.s.b.w.e.tomcat.TomcatWebServer - Tomcat initialized with port 65000 (http)
2025-09-06 18:16:03.875 [main] INFO  o.a.coyote.http11.Http11NioProtocol - Initializing ProtocolHandler ["http-nio-65000"]
2025-09-06 18:16:03.880 [main] INFO  o.a.catalina.core.StandardService - Starting service [Tomcat]
2025-09-06 18:16:03.880 [main] INFO  o.a.catalina.core.StandardEngine - Starting Servlet engine: [Apache Tomcat/10.1.44]
2025-09-06 18:16:03.983 [main] INFO  o.a.c.c.C.[.[.[/stockanalytics] - Initializing Spring embedded WebApplicationContext
2025-09-06 18:16:03.986 [main] INFO  o.s.b.w.s.c.ServletWebServerApplicationContext - Root WebApplicationContext: initialization completed in 2261 ms
2025-09-06 18:16:04.209 [main] INFO  com.zaxxer.hikari.HikariDataSource - HikariPool-1 - Starting...
2025-09-06 18:16:04.639 [main] INFO  com.zaxxer.hikari.pool.HikariPool - HikariPool-1 - Added connection org.postgresql.jdbc.PgConnection@6744707b
2025-09-06 18:16:04.642 [main] INFO  com.zaxxer.hikari.HikariDataSource - HikariPool-1 - Start completed.
2025-09-06 18:16:04.715 [main] INFO  o.h.jpa.internal.util.LogHelper - HHH000204: Processing PersistenceUnitInfo [name: default]
2025-09-06 18:16:04.864 [main] INFO  org.hibernate.Version - HHH000412: Hibernate ORM core version 6.6.26.Final
2025-09-06 18:16:04.941 [main] INFO  o.h.c.i.RegionFactoryInitiator - HHH000026: Second-level cache disabled
2025-09-06 18:16:05.485 [main] INFO  o.s.o.j.p.SpringPersistenceUnitInfo - No LoadTimeWeaver setup: ignoring JPA class transformer
2025-09-06 18:16:05.766 [main] INFO  o.hibernate.orm.connections.pooling - HHH10001005: Database info:
	Database JDBC URL [Connecting through datasource 'HikariDataSource (HikariPool-1)']
	Database driver: undefined/unknown
	Database version: 15.5
	Autocommit mode: undefined/unknown
	Isolation level: undefined/unknown
	Minimum pool size: undefined/unknown
	Maximum pool size: undefined/unknown
2025-09-06 18:16:06.272 [main] INFO  o.h.e.t.j.p.i.JtaPlatformInitiator - HHH000489: No JTA platform available (set 'hibernate.transaction.jta.platform' to enable JTA platform integration)
2025-09-06 18:16:06.279 [main] INFO  o.s.o.j.LocalContainerEntityManagerFactoryBean - Initialized JPA EntityManagerFactory for persistence unit 'default'
2025-09-06 18:16:06.369 [main] WARN  o.s.b.a.o.j.JpaBaseConfiguration$JpaWebConfiguration - spring.jpa.open-in-view is enabled by default. Therefore, database queries may be performed during view rendering. Explicitly configure spring.jpa.open-in-view to disable this warning
2025-09-06 18:16:07.274 [main] INFO  o.a.coyote.http11.Http11NioProtocol - Starting ProtocolHandler ["http-nio-65000"]
2025-09-06 18:16:07.299 [main] INFO  o.s.b.w.e.tomcat.TomcatWebServer - Tomcat started on port 65000 (http) with context path '/stockanalytics'
2025-09-06 18:16:07.317 [main] INFO  c.e.s.StockAnalyticsApplication - Started StockAnalyticsApplication in 6.703 seconds (process running for 8.796)
2025-09-06 18:16:13.042 [http-nio-65000-exec-2] INFO  o.a.c.c.C.[.[.[/stockanalytics] - Initializing Spring DispatcherServlet 'dispatcherServlet'
2025-09-06 18:16:13.042 [http-nio-65000-exec-2] INFO  o.s.web.servlet.DispatcherServlet - Initializing Servlet 'dispatcherServlet'
2025-09-06 18:16:13.044 [http-nio-65000-exec-2] INFO  o.s.web.servlet.DispatcherServlet - Completed initialization in 0 ms
2025-09-06 18:16:13.256 [http-nio-65000-exec-2] INFO  c.e.s.controllers.FinanceController - Inside getMultipleStockPriceHistoryCustom:SPHCustomRequestVO{tickers=[MSFT, NVDA], fromDate=2026-01-01, toDate=2025-01-05}

2025-09-06 18:18:56.564 [SpringApplicationShutdownHook] INFO  o.s.b.w.e.tomcat.GracefulShutdown - Commencing graceful shutdown. Waiting for active requests to complete
2025-09-06 18:18:56.570 [tomcat-shutdown] INFO  o.s.b.w.e.tomcat.GracefulShutdown - Graceful shutdown complete
2025-09-06 18:18:56.579 [SpringApplicationShutdownHook] INFO  o.s.o.j.LocalContainerEntityManagerFactoryBean - Closing JPA EntityManagerFactory for persistence unit 'default'
2025-09-06 18:18:56.584 [SpringApplicationShutdownHook] INFO  com.zaxxer.hikari.HikariDataSource - HikariPool-1 - Shutdown initiated...
2025-09-06 18:18:56.590 [SpringApplicationShutdownHook] INFO  com.zaxxer.hikari.HikariDataSource - HikariPool-1 - Shutdown completed.
2025-09-06 18:55:21.798 [main] INFO  c.e.s.StockAnalyticsApplication - Starting StockAnalyticsApplication using Java 24.0.2 with PID 2732 (C:\Users\karth\OneDrive\Desktop\EUREKA\SPRING-BOOT\springboot-stockanalytics-va-aug2025\target\classes started by karth in C:\Users\karth\OneDrive\Desktop\EUREKA\SPRING-BOOT\springboot-stockanalytics-va-aug2025)
2025-09-06 18:55:21.801 [main] INFO  c.e.s.StockAnalyticsApplication - No active profile set, falling back to 1 default profile: "default"
2025-09-06 18:55:23.043 [main] INFO  o.s.d.r.c.RepositoryConfigurationDelegate - Multiple Spring Data modules found, entering strict repository configuration mode
2025-09-06 18:55:23.045 [main] INFO  o.s.d.r.c.RepositoryConfigurationDelegate - Bootstrapping Spring Data JDBC repositories in DEFAULT mode.
2025-09-06 18:55:23.071 [main] INFO  o.s.d.r.c.RepositoryConfigurationDelegate - Finished Spring Data repository scanning in 18 ms. Found 0 JDBC repository interfaces.
2025-09-06 18:55:23.085 [main] INFO  o.s.d.r.c.RepositoryConfigurationDelegate - Multiple Spring Data modules found, entering strict repository configuration mode
2025-09-06 18:55:23.086 [main] INFO  o.s.d.r.c.RepositoryConfigurationDelegate - Bootstrapping Spring Data JPA repositories in DEFAULT mode.
2025-09-06 18:55:23.097 [main] INFO  o.s.d.r.c.RepositoryConfigurationDelegate - Finished Spring Data repository scanning in 3 ms. Found 0 JPA repository interfaces.
2025-09-06 18:55:23.413 [main] INFO  o.s.cloud.context.scope.GenericScope - BeanFactory id=6281bf4f-03eb-32d3-83b2-9fb801d304f6
2025-09-06 18:55:24.063 [main] INFO  o.s.b.w.e.tomcat.TomcatWebServer - Tomcat initialized with port 65000 (http)
2025-09-06 18:55:24.082 [main] INFO  o.a.coyote.http11.Http11NioProtocol - Initializing ProtocolHandler ["http-nio-65000"]
2025-09-06 18:55:24.086 [main] INFO  o.a.catalina.core.StandardService - Starting service [Tomcat]
2025-09-06 18:55:24.087 [main] INFO  o.a.catalina.core.StandardEngine - Starting Servlet engine: [Apache Tomcat/10.1.44]
2025-09-06 18:55:24.179 [main] INFO  o.a.c.c.C.[.[.[/stockanalytics] - Initializing Spring embedded WebApplicationContext
2025-09-06 18:55:24.180 [main] INFO  o.s.b.w.s.c.ServletWebServerApplicationContext - Root WebApplicationContext: initialization completed in 2296 ms
2025-09-06 18:55:24.397 [main] INFO  com.zaxxer.hikari.HikariDataSource - HikariPool-1 - Starting...
2025-09-06 18:55:24.754 [main] INFO  com.zaxxer.hikari.pool.HikariPool - HikariPool-1 - Added connection org.postgresql.jdbc.PgConnection@73f6e07
2025-09-06 18:55:24.756 [main] INFO  com.zaxxer.hikari.HikariDataSource - HikariPool-1 - Start completed.
2025-09-06 18:55:24.840 [main] INFO  o.h.jpa.internal.util.LogHelper - HHH000204: Processing PersistenceUnitInfo [name: default]
2025-09-06 18:55:24.942 [main] INFO  org.hibernate.Version - HHH000412: Hibernate ORM core version 6.6.26.Final
2025-09-06 18:55:25.015 [main] INFO  o.h.c.i.RegionFactoryInitiator - HHH000026: Second-level cache disabled
2025-09-06 18:55:25.492 [main] INFO  o.s.o.j.p.SpringPersistenceUnitInfo - No LoadTimeWeaver setup: ignoring JPA class transformer
2025-09-06 18:55:25.727 [main] INFO  o.hibernate.orm.connections.pooling - HHH10001005: Database info:
	Database JDBC URL [Connecting through datasource 'HikariDataSource (HikariPool-1)']
	Database driver: undefined/unknown
	Database version: 15.5
	Autocommit mode: undefined/unknown
	Isolation level: undefined/unknown
	Minimum pool size: undefined/unknown
	Maximum pool size: undefined/unknown
2025-09-06 18:55:26.165 [main] INFO  o.h.e.t.j.p.i.JtaPlatformInitiator - HHH000489: No JTA platform available (set 'hibernate.transaction.jta.platform' to enable JTA platform integration)
2025-09-06 18:55:26.172 [main] INFO  o.s.o.j.LocalContainerEntityManagerFactoryBean - Initialized JPA EntityManagerFactory for persistence unit 'default'
2025-09-06 18:55:26.259 [main] WARN  o.s.b.a.o.j.JpaBaseConfiguration$JpaWebConfiguration - spring.jpa.open-in-view is enabled by default. Therefore, database queries may be performed during view rendering. Explicitly configure spring.jpa.open-in-view to disable this warning
2025-09-06 18:55:27.079 [main] INFO  o.a.coyote.http11.Http11NioProtocol - Starting ProtocolHandler ["http-nio-65000"]
2025-09-06 18:55:27.108 [main] INFO  o.s.b.w.e.tomcat.TomcatWebServer - Tomcat started on port 65000 (http) with context path '/stockanalytics'
2025-09-06 18:55:27.122 [main] INFO  c.e.s.StockAnalyticsApplication - Started StockAnalyticsApplication in 6.003 seconds (process running for 7.218)
2025-09-06 18:56:01.383 [http-nio-65000-exec-1] INFO  o.a.c.c.C.[.[.[/stockanalytics] - Initializing Spring DispatcherServlet 'dispatcherServlet'
2025-09-06 18:56:01.383 [http-nio-65000-exec-1] INFO  o.s.web.servlet.DispatcherServlet - Initializing Servlet 'dispatcherServlet'
2025-09-06 18:56:01.384 [http-nio-65000-exec-1] INFO  o.s.web.servlet.DispatcherServlet - Completed initialization in 1 ms
2025-09-06 18:57:04.066 [SpringApplicationShutdownHook] INFO  o.s.b.w.e.tomcat.GracefulShutdown - Commencing graceful shutdown. Waiting for active requests to complete
2025-09-06 18:57:04.071 [tomcat-shutdown] INFO  o.s.b.w.e.tomcat.GracefulShutdown - Graceful shutdown complete
2025-09-06 18:57:04.079 [SpringApplicationShutdownHook] INFO  o.s.o.j.LocalContainerEntityManagerFactoryBean - Closing JPA EntityManagerFactory for persistence unit 'default'
2025-09-06 18:57:04.084 [SpringApplicationShutdownHook] INFO  com.zaxxer.hikari.HikariDataSource - HikariPool-1 - Shutdown initiated...
2025-09-06 18:57:04.089 [SpringApplicationShutdownHook] INFO  com.zaxxer.hikari.HikariDataSource - HikariPool-1 - Shutdown completed.
2025-09-06 18:57:09.844 [main] INFO  c.e.s.StockAnalyticsApplication - Starting StockAnalyticsApplication using Java 24.0.2 with PID 17012 (C:\Users\karth\OneDrive\Desktop\EUREKA\SPRING-BOOT\springboot-stockanalytics-va-aug2025\target\classes started by karth in C:\Users\karth\OneDrive\Desktop\EUREKA\SPRING-BOOT\springboot-stockanalytics-va-aug2025)
2025-09-06 18:57:09.846 [main] INFO  c.e.s.StockAnalyticsApplication - No active profile set, falling back to 1 default profile: "default"
2025-09-06 18:57:10.835 [main] INFO  o.s.d.r.c.RepositoryConfigurationDelegate - Multiple Spring Data modules found, entering strict repository configuration mode
2025-09-06 18:57:10.837 [main] INFO  o.s.d.r.c.RepositoryConfigurationDelegate - Bootstrapping Spring Data JDBC repositories in DEFAULT mode.
2025-09-06 18:57:10.863 [main] INFO  o.s.d.r.c.RepositoryConfigurationDelegate - Finished Spring Data repository scanning in 18 ms. Found 0 JDBC repository interfaces.
2025-09-06 18:57:10.880 [main] INFO  o.s.d.r.c.RepositoryConfigurationDelegate - Multiple Spring Data modules found, entering strict repository configuration mode
2025-09-06 18:57:10.881 [main] INFO  o.s.d.r.c.RepositoryConfigurationDelegate - Bootstrapping Spring Data JPA repositories in DEFAULT mode.
2025-09-06 18:57:10.893 [main] INFO  o.s.d.r.c.RepositoryConfigurationDelegate - Finished Spring Data repository scanning in 3 ms. Found 0 JPA repository interfaces.
2025-09-06 18:57:11.181 [main] INFO  o.s.cloud.context.scope.GenericScope - BeanFactory id=6281bf4f-03eb-32d3-83b2-9fb801d304f6
2025-09-06 18:57:11.714 [main] INFO  o.s.b.w.e.tomcat.TomcatWebServer - Tomcat initialized with port 65000 (http)
2025-09-06 18:57:11.734 [main] INFO  o.a.coyote.http11.Http11NioProtocol - Initializing ProtocolHandler ["http-nio-65000"]
2025-09-06 18:57:11.738 [main] INFO  o.a.catalina.core.StandardService - Starting service [Tomcat]
2025-09-06 18:57:11.738 [main] INFO  o.a.catalina.core.StandardEngine - Starting Servlet engine: [Apache Tomcat/10.1.44]
2025-09-06 18:57:11.825 [main] INFO  o.a.c.c.C.[.[.[/stockanalytics] - Initializing Spring embedded WebApplicationContext
2025-09-06 18:57:11.825 [main] INFO  o.s.b.w.s.c.ServletWebServerApplicationContext - Root WebApplicationContext: initialization completed in 1923 ms
2025-09-06 18:57:12.025 [main] INFO  com.zaxxer.hikari.HikariDataSource - HikariPool-1 - Starting...
2025-09-06 18:57:12.388 [main] INFO  com.zaxxer.hikari.pool.HikariPool - HikariPool-1 - Added connection org.postgresql.jdbc.PgConnection@299b9851
2025-09-06 18:57:12.390 [main] INFO  com.zaxxer.hikari.HikariDataSource - HikariPool-1 - Start completed.
2025-09-06 18:57:12.462 [main] INFO  o.h.jpa.internal.util.LogHelper - HHH000204: Processing PersistenceUnitInfo [name: default]
2025-09-06 18:57:12.566 [main] INFO  org.hibernate.Version - HHH000412: Hibernate ORM core version 6.6.26.Final
2025-09-06 18:57:12.638 [main] INFO  o.h.c.i.RegionFactoryInitiator - HHH000026: Second-level cache disabled
2025-09-06 18:57:13.071 [main] INFO  o.s.o.j.p.SpringPersistenceUnitInfo - No LoadTimeWeaver setup: ignoring JPA class transformer
2025-09-06 18:57:13.324 [main] INFO  o.hibernate.orm.connections.pooling - HHH10001005: Database info:
	Database JDBC URL [Connecting through datasource 'HikariDataSource (HikariPool-1)']
	Database driver: undefined/unknown
	Database version: 15.5
	Autocommit mode: undefined/unknown
	Isolation level: undefined/unknown
	Minimum pool size: undefined/unknown
	Maximum pool size: undefined/unknown
2025-09-06 18:57:13.781 [main] INFO  o.h.e.t.j.p.i.JtaPlatformInitiator - HHH000489: No JTA platform available (set 'hibernate.transaction.jta.platform' to enable JTA platform integration)
2025-09-06 18:57:13.787 [main] INFO  o.s.o.j.LocalContainerEntityManagerFactoryBean - Initialized JPA EntityManagerFactory for persistence unit 'default'
2025-09-06 18:57:13.867 [main] WARN  o.s.b.a.o.j.JpaBaseConfiguration$JpaWebConfiguration - spring.jpa.open-in-view is enabled by default. Therefore, database queries may be performed during view rendering. Explicitly configure spring.jpa.open-in-view to disable this warning
2025-09-06 18:57:14.613 [main] INFO  o.a.coyote.http11.Http11NioProtocol - Starting ProtocolHandler ["http-nio-65000"]
2025-09-06 18:57:14.638 [main] INFO  o.s.b.w.e.tomcat.TomcatWebServer - Tomcat started on port 65000 (http) with context path '/stockanalytics'
2025-09-06 18:57:14.652 [main] INFO  c.e.s.StockAnalyticsApplication - Started StockAnalyticsApplication in 5.444 seconds (process running for 6.562)
2025-09-06 18:57:19.509 [http-nio-65000-exec-1] INFO  o.a.c.c.C.[.[.[/stockanalytics] - Initializing Spring DispatcherServlet 'dispatcherServlet'
2025-09-06 18:57:19.509 [http-nio-65000-exec-1] INFO  o.s.web.servlet.DispatcherServlet - Initializing Servlet 'dispatcherServlet'
2025-09-06 18:57:19.511 [http-nio-65000-exec-1] INFO  o.s.web.servlet.DispatcherServlet - Completed initialization in 1 ms
2025-09-06 18:58:02.121 [SpringApplicationShutdownHook] INFO  o.s.b.w.e.tomcat.GracefulShutdown - Commencing graceful shutdown. Waiting for active requests to complete
2025-09-06 18:58:02.126 [tomcat-shutdown] INFO  o.s.b.w.e.tomcat.GracefulShutdown - Graceful shutdown complete
2025-09-06 18:58:02.131 [SpringApplicationShutdownHook] INFO  o.s.o.j.LocalContainerEntityManagerFactoryBean - Closing JPA EntityManagerFactory for persistence unit 'default'
2025-09-06 18:58:02.135 [SpringApplicationShutdownHook] INFO  com.zaxxer.hikari.HikariDataSource - HikariPool-1 - Shutdown initiated...
2025-09-06 18:58:02.138 [SpringApplicationShutdownHook] INFO  com.zaxxer.hikari.HikariDataSource - HikariPool-1 - Shutdown completed.
2025-09-06 18:58:07.319 [main] INFO  c.e.s.StockAnalyticsApplication - Starting StockAnalyticsApplication using Java 24.0.2 with PID 26032 (C:\Users\karth\OneDrive\Desktop\EUREKA\SPRING-BOOT\springboot-stockanalytics-va-aug2025\target\classes started by karth in C:\Users\karth\OneDrive\Desktop\EUREKA\SPRING-BOOT\springboot-stockanalytics-va-aug2025)
2025-09-06 18:58:07.324 [main] INFO  c.e.s.StockAnalyticsApplication - No active profile set, falling back to 1 default profile: "default"
2025-09-06 18:58:08.645 [main] INFO  o.s.d.r.c.RepositoryConfigurationDelegate - Multiple Spring Data modules found, entering strict repository configuration mode
2025-09-06 18:58:08.647 [main] INFO  o.s.d.r.c.RepositoryConfigurationDelegate - Bootstrapping Spring Data JDBC repositories in DEFAULT mode.
2025-09-06 18:58:08.676 [main] INFO  o.s.d.r.c.RepositoryConfigurationDelegate - Finished Spring Data repository scanning in 19 ms. Found 0 JDBC repository interfaces.
2025-09-06 18:58:08.694 [main] INFO  o.s.d.r.c.RepositoryConfigurationDelegate - Multiple Spring Data modules found, entering strict repository configuration mode
2025-09-06 18:58:08.695 [main] INFO  o.s.d.r.c.RepositoryConfigurationDelegate - Bootstrapping Spring Data JPA repositories in DEFAULT mode.
2025-09-06 18:58:08.707 [main] INFO  o.s.d.r.c.RepositoryConfigurationDelegate - Finished Spring Data repository scanning in 3 ms. Found 0 JPA repository interfaces.
2025-09-06 18:58:09.035 [main] INFO  o.s.cloud.context.scope.GenericScope - BeanFactory id=6281bf4f-03eb-32d3-83b2-9fb801d304f6
2025-09-06 18:58:09.651 [main] INFO  o.s.b.w.e.tomcat.TomcatWebServer - Tomcat initialized with port 65000 (http)
2025-09-06 18:58:09.673 [main] INFO  o.a.coyote.http11.Http11NioProtocol - Initializing ProtocolHandler ["http-nio-65000"]
2025-09-06 18:58:09.677 [main] INFO  o.a.catalina.core.StandardService - Starting service [Tomcat]
2025-09-06 18:58:09.677 [main] INFO  o.a.catalina.core.StandardEngine - Starting Servlet engine: [Apache Tomcat/10.1.44]
2025-09-06 18:58:09.763 [main] INFO  o.a.c.c.C.[.[.[/stockanalytics] - Initializing Spring embedded WebApplicationContext
2025-09-06 18:58:09.764 [main] INFO  o.s.b.w.s.c.ServletWebServerApplicationContext - Root WebApplicationContext: initialization completed in 2348 ms
2025-09-06 18:58:09.985 [main] INFO  com.zaxxer.hikari.HikariDataSource - HikariPool-1 - Starting...
2025-09-06 18:58:10.355 [main] INFO  com.zaxxer.hikari.pool.HikariPool - HikariPool-1 - Added connection org.postgresql.jdbc.PgConnection@299b9851
2025-09-06 18:58:10.359 [main] INFO  com.zaxxer.hikari.HikariDataSource - HikariPool-1 - Start completed.
2025-09-06 18:58:10.460 [main] INFO  o.h.jpa.internal.util.LogHelper - HHH000204: Processing PersistenceUnitInfo [name: default]
2025-09-06 18:58:10.581 [main] INFO  org.hibernate.Version - HHH000412: Hibernate ORM core version 6.6.26.Final
2025-09-06 18:58:10.663 [main] INFO  o.h.c.i.RegionFactoryInitiator - HHH000026: Second-level cache disabled
2025-09-06 18:58:11.216 [main] INFO  o.s.o.j.p.SpringPersistenceUnitInfo - No LoadTimeWeaver setup: ignoring JPA class transformer
2025-09-06 18:58:11.466 [main] INFO  o.hibernate.orm.connections.pooling - HHH10001005: Database info:
	Database JDBC URL [Connecting through datasource 'HikariDataSource (HikariPool-1)']
	Database driver: undefined/unknown
	Database version: 15.5
	Autocommit mode: undefined/unknown
	Isolation level: undefined/unknown
	Minimum pool size: undefined/unknown
	Maximum pool size: undefined/unknown
2025-09-06 18:58:11.895 [main] INFO  o.h.e.t.j.p.i.JtaPlatformInitiator - HHH000489: No JTA platform available (set 'hibernate.transaction.jta.platform' to enable JTA platform integration)
2025-09-06 18:58:11.901 [main] INFO  o.s.o.j.LocalContainerEntityManagerFactoryBean - Initialized JPA EntityManagerFactory for persistence unit 'default'
2025-09-06 18:58:11.989 [main] WARN  o.s.b.a.o.j.JpaBaseConfiguration$JpaWebConfiguration - spring.jpa.open-in-view is enabled by default. Therefore, database queries may be performed during view rendering. Explicitly configure spring.jpa.open-in-view to disable this warning
2025-09-06 18:58:12.825 [main] INFO  o.a.coyote.http11.Http11NioProtocol - Starting ProtocolHandler ["http-nio-65000"]
2025-09-06 18:58:12.854 [main] INFO  o.s.b.w.e.tomcat.TomcatWebServer - Tomcat started on port 65000 (http) with context path '/stockanalytics'
2025-09-06 18:58:12.867 [main] INFO  c.e.s.StockAnalyticsApplication - Started StockAnalyticsApplication in 6.323 seconds (process running for 7.628)
2025-09-06 18:58:26.534 [http-nio-65000-exec-2] INFO  o.a.c.c.C.[.[.[/stockanalytics] - Initializing Spring DispatcherServlet 'dispatcherServlet'
2025-09-06 18:58:26.534 [http-nio-65000-exec-2] INFO  o.s.web.servlet.DispatcherServlet - Initializing Servlet 'dispatcherServlet'
2025-09-06 18:58:26.535 [http-nio-65000-exec-2] INFO  o.s.web.servlet.DispatcherServlet - Completed initialization in 0 ms
2025-09-06 19:00:50.677 [SpringApplicationShutdownHook] INFO  o.s.b.w.e.tomcat.GracefulShutdown - Commencing graceful shutdown. Waiting for active requests to complete
2025-09-06 19:00:50.682 [tomcat-shutdown] INFO  o.s.b.w.e.tomcat.GracefulShutdown - Graceful shutdown complete
2025-09-06 19:00:50.687 [SpringApplicationShutdownHook] INFO  o.s.o.j.LocalContainerEntityManagerFactoryBean - Closing JPA EntityManagerFactory for persistence unit 'default'
2025-09-06 19:00:50.690 [SpringApplicationShutdownHook] INFO  com.zaxxer.hikari.HikariDataSource - HikariPool-1 - Shutdown initiated...
2025-09-06 19:00:50.693 [SpringApplicationShutdownHook] INFO  com.zaxxer.hikari.HikariDataSource - HikariPool-1 - Shutdown completed.
2025-09-06 19:00:55.704 [main] INFO  c.e.s.StockAnalyticsApplication - Starting StockAnalyticsApplication using Java 24.0.2 with PID 25312 (C:\Users\karth\OneDrive\Desktop\EUREKA\SPRING-BOOT\springboot-stockanalytics-va-aug2025\target\classes started by karth in C:\Users\karth\OneDrive\Desktop\EUREKA\SPRING-BOOT\springboot-stockanalytics-va-aug2025)
2025-09-06 19:00:55.707 [main] INFO  c.e.s.StockAnalyticsApplication - No active profile set, falling back to 1 default profile: "default"
2025-09-06 19:00:56.752 [main] INFO  o.s.d.r.c.RepositoryConfigurationDelegate - Multiple Spring Data modules found, entering strict repository configuration mode
2025-09-06 19:00:56.754 [main] INFO  o.s.d.r.c.RepositoryConfigurationDelegate - Bootstrapping Spring Data JDBC repositories in DEFAULT mode.
2025-09-06 19:00:56.781 [main] INFO  o.s.d.r.c.RepositoryConfigurationDelegate - Finished Spring Data repository scanning in 18 ms. Found 0 JDBC repository interfaces.
2025-09-06 19:00:56.796 [main] INFO  o.s.d.r.c.RepositoryConfigurationDelegate - Multiple Spring Data modules found, entering strict repository configuration mode
2025-09-06 19:00:56.797 [main] INFO  o.s.d.r.c.RepositoryConfigurationDelegate - Bootstrapping Spring Data JPA repositories in DEFAULT mode.
2025-09-06 19:00:56.808 [main] INFO  o.s.d.r.c.RepositoryConfigurationDelegate - Finished Spring Data repository scanning in 3 ms. Found 0 JPA repository interfaces.
2025-09-06 19:00:57.098 [main] INFO  o.s.cloud.context.scope.GenericScope - BeanFactory id=6281bf4f-03eb-32d3-83b2-9fb801d304f6
2025-09-06 19:00:57.676 [main] INFO  o.s.b.w.e.tomcat.TomcatWebServer - Tomcat initialized with port 65000 (http)
2025-09-06 19:00:57.698 [main] INFO  o.a.coyote.http11.Http11NioProtocol - Initializing ProtocolHandler ["http-nio-65000"]
2025-09-06 19:00:57.701 [main] INFO  o.a.catalina.core.StandardService - Starting service [Tomcat]
2025-09-06 19:00:57.702 [main] INFO  o.a.catalina.core.StandardEngine - Starting Servlet engine: [Apache Tomcat/10.1.44]
2025-09-06 19:00:57.788 [main] INFO  o.a.c.c.C.[.[.[/stockanalytics] - Initializing Spring embedded WebApplicationContext
2025-09-06 19:00:57.789 [main] INFO  o.s.b.w.s.c.ServletWebServerApplicationContext - Root WebApplicationContext: initialization completed in 2014 ms
2025-09-06 19:00:58.021 [main] INFO  com.zaxxer.hikari.HikariDataSource - HikariPool-1 - Starting...
2025-09-06 19:00:58.351 [main] INFO  com.zaxxer.hikari.pool.HikariPool - HikariPool-1 - Added connection org.postgresql.jdbc.PgConnection@2416c658
2025-09-06 19:00:58.353 [main] INFO  com.zaxxer.hikari.HikariDataSource - HikariPool-1 - Start completed.
2025-09-06 19:00:58.426 [main] INFO  o.h.jpa.internal.util.LogHelper - HHH000204: Processing PersistenceUnitInfo [name: default]
2025-09-06 19:00:58.515 [main] INFO  org.hibernate.Version - HHH000412: Hibernate ORM core version 6.6.26.Final
2025-09-06 19:00:58.579 [main] INFO  o.h.c.i.RegionFactoryInitiator - HHH000026: Second-level cache disabled
2025-09-06 19:00:59.045 [main] INFO  o.s.o.j.p.SpringPersistenceUnitInfo - No LoadTimeWeaver setup: ignoring JPA class transformer
2025-09-06 19:00:59.296 [main] INFO  o.hibernate.orm.connections.pooling - HHH10001005: Database info:
	Database JDBC URL [Connecting through datasource 'HikariDataSource (HikariPool-1)']
	Database driver: undefined/unknown
	Database version: 15.5
	Autocommit mode: undefined/unknown
	Isolation level: undefined/unknown
	Minimum pool size: undefined/unknown
	Maximum pool size: undefined/unknown
2025-09-06 19:00:59.720 [main] INFO  o.h.e.t.j.p.i.JtaPlatformInitiator - HHH000489: No JTA platform available (set 'hibernate.transaction.jta.platform' to enable JTA platform integration)
2025-09-06 19:00:59.728 [main] INFO  o.s.o.j.LocalContainerEntityManagerFactoryBean - Initialized JPA EntityManagerFactory for persistence unit 'default'
2025-09-06 19:00:59.815 [main] WARN  o.s.b.a.o.j.JpaBaseConfiguration$JpaWebConfiguration - spring.jpa.open-in-view is enabled by default. Therefore, database queries may be performed during view rendering. Explicitly configure spring.jpa.open-in-view to disable this warning
2025-09-06 19:01:00.582 [main] INFO  o.a.coyote.http11.Http11NioProtocol - Starting ProtocolHandler ["http-nio-65000"]
2025-09-06 19:01:00.606 [main] INFO  o.s.b.w.e.tomcat.TomcatWebServer - Tomcat started on port 65000 (http) with context path '/stockanalytics'
2025-09-06 19:01:00.620 [main] INFO  c.e.s.StockAnalyticsApplication - Started StockAnalyticsApplication in 5.554 seconds (process running for 6.678)
2025-09-06 19:01:04.941 [http-nio-65000-exec-1] INFO  o.a.c.c.C.[.[.[/stockanalytics] - Initializing Spring DispatcherServlet 'dispatcherServlet'
2025-09-06 19:01:04.941 [http-nio-65000-exec-1] INFO  o.s.web.servlet.DispatcherServlet - Initializing Servlet 'dispatcherServlet'
2025-09-06 19:01:04.942 [http-nio-65000-exec-1] INFO  o.s.web.servlet.DispatcherServlet - Completed initialization in 1 ms
2025-09-06 19:05:26.648 [SpringApplicationShutdownHook] INFO  o.s.b.w.e.tomcat.GracefulShutdown - Commencing graceful shutdown. Waiting for active requests to complete
2025-09-06 19:05:26.682 [tomcat-shutdown] INFO  o.s.b.w.e.tomcat.GracefulShutdown - Graceful shutdown complete
2025-09-06 19:05:26.718 [SpringApplicationShutdownHook] INFO  o.s.o.j.LocalContainerEntityManagerFactoryBean - Closing JPA EntityManagerFactory for persistence unit 'default'
2025-09-06 19:05:26.751 [SpringApplicationShutdownHook] INFO  com.zaxxer.hikari.HikariDataSource - HikariPool-1 - Shutdown initiated...
2025-09-06 19:05:26.763 [SpringApplicationShutdownHook] INFO  com.zaxxer.hikari.HikariDataSource - HikariPool-1 - Shutdown completed.
