2025-09-07 16:07:58.721 [main] INFO  c.e.s.StockAnalyticsApplication - Starting StockAnalyticsApplication using Java 24.0.2 with PID 6052 (C:\Users\karth\OneDrive\Desktop\EUREKA\SPRING-BOOT\springboot-stockanalytics-va-aug2025\target\classes started by karth in C:\Users\karth\OneDrive\Desktop\EUREKA\SPRING-BOOT\springboot-stockanalytics-va-aug2025)
2025-09-07 16:07:58.725 [main] INFO  c.e.s.StockAnalyticsApplication - No active profile set, falling back to 1 default profile: "default"
2025-09-07 16:07:59.947 [main] INFO  o.s.d.r.c.RepositoryConfigurationDelegate - Multiple Spring Data modules found, entering strict repository configuration mode
2025-09-07 16:07:59.949 [main] INFO  o.s.d.r.c.RepositoryConfigurationDelegate - Bootstrapping Spring Data JDBC repositories in DEFAULT mode.
2025-09-07 16:07:59.984 [main] INFO  o.s.d.r.c.RepositoryConfigurationDelegate - Finished Spring Data repository scanning in 24 ms. Found 0 JDBC repository interfaces.
2025-09-07 16:07:59.999 [main] INFO  o.s.d.r.c.RepositoryConfigurationDelegate - Multiple Spring Data modules found, entering strict repository configuration mode
2025-09-07 16:08:00.001 [main] INFO  o.s.d.r.c.RepositoryConfigurationDelegate - Bootstrapping Spring Data JPA repositories in DEFAULT mode.
2025-09-07 16:08:00.015 [main] INFO  o.s.d.r.c.RepositoryConfigurationDelegate - Finished Spring Data repository scanning in 4 ms. Found 0 JPA repository interfaces.
2025-09-07 16:08:00.334 [main] INFO  o.s.cloud.context.scope.GenericScope - BeanFactory id=5bbb302a-38ee-3566-8040-24a34b0b8cc6
2025-09-07 16:08:01.032 [main] INFO  o.s.b.w.e.tomcat.TomcatWebServer - Tomcat initialized with port 65000 (http)
2025-09-07 16:08:01.052 [main] INFO  o.a.coyote.http11.Http11NioProtocol - Initializing ProtocolHandler ["http-nio-65000"]
2025-09-07 16:08:01.056 [main] INFO  o.a.catalina.core.StandardService - Starting service [Tomcat]
2025-09-07 16:08:01.057 [main] INFO  o.a.catalina.core.StandardEngine - Starting Servlet engine: [Apache Tomcat/10.1.44]
2025-09-07 16:08:01.136 [main] INFO  o.a.c.c.C.[.[.[/stockanalytics] - Initializing Spring embedded WebApplicationContext
2025-09-07 16:08:01.137 [main] INFO  o.s.b.w.s.c.ServletWebServerApplicationContext - Root WebApplicationContext: initialization completed in 2334 ms
2025-09-07 16:08:01.356 [main] INFO  com.zaxxer.hikari.HikariDataSource - HikariPool-1 - Starting...
2025-09-07 16:08:01.695 [main] INFO  com.zaxxer.hikari.pool.HikariPool - HikariPool-1 - Added connection org.postgresql.jdbc.PgConnection@6c9b44bf
2025-09-07 16:08:01.698 [main] INFO  com.zaxxer.hikari.HikariDataSource - HikariPool-1 - Start completed.
2025-09-07 16:08:01.776 [main] INFO  o.h.jpa.internal.util.LogHelper - HHH000204: Processing PersistenceUnitInfo [name: default]
2025-09-07 16:08:01.870 [main] INFO  org.hibernate.Version - HHH000412: Hibernate ORM core version 6.6.26.Final
2025-09-07 16:08:01.940 [main] INFO  o.h.c.i.RegionFactoryInitiator - HHH000026: Second-level cache disabled
2025-09-07 16:08:02.425 [main] INFO  o.s.o.j.p.SpringPersistenceUnitInfo - No LoadTimeWeaver setup: ignoring JPA class transformer
2025-09-07 16:08:02.664 [main] INFO  o.hibernate.orm.connections.pooling - HHH10001005: Database info:
	Database JDBC URL [Connecting through datasource 'HikariDataSource (HikariPool-1)']
	Database driver: undefined/unknown
	Database version: 15.5
	Autocommit mode: undefined/unknown
	Isolation level: undefined/unknown
	Minimum pool size: undefined/unknown
	Maximum pool size: undefined/unknown
2025-09-07 16:08:03.098 [main] INFO  o.h.e.t.j.p.i.JtaPlatformInitiator - HHH000489: No JTA platform available (set 'hibernate.transaction.jta.platform' to enable JTA platform integration)
2025-09-07 16:08:03.105 [main] INFO  o.s.o.j.LocalContainerEntityManagerFactoryBean - Initialized JPA EntityManagerFactory for persistence unit 'default'
2025-09-07 16:08:03.186 [main] WARN  o.s.b.a.o.j.JpaBaseConfiguration$JpaWebConfiguration - spring.jpa.open-in-view is enabled by default. Therefore, database queries may be performed during view rendering. Explicitly configure spring.jpa.open-in-view to disable this warning
2025-09-07 16:08:04.030 [main] INFO  o.a.coyote.http11.Http11NioProtocol - Starting ProtocolHandler ["http-nio-65000"]
2025-09-07 16:08:04.058 [main] INFO  o.s.b.w.e.tomcat.TomcatWebServer - Tomcat started on port 65000 (http) with context path '/stockanalytics'
2025-09-07 16:08:04.073 [main] INFO  c.e.s.StockAnalyticsApplication - Started StockAnalyticsApplication in 5.996 seconds (process running for 7.397)
2025-09-07 16:09:18.248 [http-nio-65000-exec-2] INFO  o.a.c.c.C.[.[.[/stockanalytics] - Initializing Spring DispatcherServlet 'dispatcherServlet'
2025-09-07 16:09:18.248 [http-nio-65000-exec-2] INFO  o.s.web.servlet.DispatcherServlet - Initializing Servlet 'dispatcherServlet'
2025-09-07 16:09:18.249 [http-nio-65000-exec-2] INFO  o.s.web.servlet.DispatcherServlet - Completed initialization in 0 ms
2025-09-07 16:10:42.901 [SpringApplicationShutdownHook] INFO  o.s.b.w.e.tomcat.GracefulShutdown - Commencing graceful shutdown. Waiting for active requests to complete
2025-09-07 16:10:42.911 [tomcat-shutdown] INFO  o.s.b.w.e.tomcat.GracefulShutdown - Graceful shutdown complete
2025-09-07 16:10:42.922 [SpringApplicationShutdownHook] INFO  o.s.o.j.LocalContainerEntityManagerFactoryBean - Closing JPA EntityManagerFactory for persistence unit 'default'
2025-09-07 16:10:42.931 [SpringApplicationShutdownHook] INFO  com.zaxxer.hikari.HikariDataSource - HikariPool-1 - Shutdown initiated...
2025-09-07 16:10:42.938 [SpringApplicationShutdownHook] INFO  com.zaxxer.hikari.HikariDataSource - HikariPool-1 - Shutdown completed.
2025-09-07 16:10:48.697 [main] INFO  c.e.s.StockAnalyticsApplication - Starting StockAnalyticsApplication using Java 24.0.2 with PID 23232 (C:\Users\karth\OneDrive\Desktop\EUREKA\SPRING-BOOT\springboot-stockanalytics-va-aug2025\target\classes started by karth in C:\Users\karth\OneDrive\Desktop\EUREKA\SPRING-BOOT\springboot-stockanalytics-va-aug2025)
2025-09-07 16:10:48.701 [main] INFO  c.e.s.StockAnalyticsApplication - No active profile set, falling back to 1 default profile: "default"
2025-09-07 16:10:50.039 [main] INFO  o.s.d.r.c.RepositoryConfigurationDelegate - Multiple Spring Data modules found, entering strict repository configuration mode
2025-09-07 16:10:50.043 [main] INFO  o.s.d.r.c.RepositoryConfigurationDelegate - Bootstrapping Spring Data JDBC repositories in DEFAULT mode.
2025-09-07 16:10:50.103 [main] INFO  o.s.d.r.c.RepositoryConfigurationDelegate - Finished Spring Data repository scanning in 34 ms. Found 0 JDBC repository interfaces.
2025-09-07 16:10:50.124 [main] INFO  o.s.d.r.c.RepositoryConfigurationDelegate - Multiple Spring Data modules found, entering strict repository configuration mode
2025-09-07 16:10:50.126 [main] INFO  o.s.d.r.c.RepositoryConfigurationDelegate - Bootstrapping Spring Data JPA repositories in DEFAULT mode.
2025-09-07 16:10:50.147 [main] INFO  o.s.d.r.c.RepositoryConfigurationDelegate - Finished Spring Data repository scanning in 8 ms. Found 0 JPA repository interfaces.
2025-09-07 16:10:50.642 [main] INFO  o.s.cloud.context.scope.GenericScope - BeanFactory id=5bbb302a-38ee-3566-8040-24a34b0b8cc6
2025-09-07 16:10:51.430 [main] INFO  o.s.b.w.e.tomcat.TomcatWebServer - Tomcat initialized with port 65000 (http)
2025-09-07 16:10:51.448 [main] INFO  o.a.coyote.http11.Http11NioProtocol - Initializing ProtocolHandler ["http-nio-65000"]
2025-09-07 16:10:51.452 [main] INFO  o.a.catalina.core.StandardService - Starting service [Tomcat]
2025-09-07 16:10:51.452 [main] INFO  o.a.catalina.core.StandardEngine - Starting Servlet engine: [Apache Tomcat/10.1.44]
2025-09-07 16:10:51.535 [main] INFO  o.a.c.c.C.[.[.[/stockanalytics] - Initializing Spring embedded WebApplicationContext
2025-09-07 16:10:51.536 [main] INFO  o.s.b.w.s.c.ServletWebServerApplicationContext - Root WebApplicationContext: initialization completed in 2761 ms
2025-09-07 16:10:51.742 [main] INFO  com.zaxxer.hikari.HikariDataSource - HikariPool-1 - Starting...
2025-09-07 16:10:52.126 [main] INFO  com.zaxxer.hikari.pool.HikariPool - HikariPool-1 - Added connection org.postgresql.jdbc.PgConnection@1a2ac487
2025-09-07 16:10:52.128 [main] INFO  com.zaxxer.hikari.HikariDataSource - HikariPool-1 - Start completed.
2025-09-07 16:10:52.212 [main] INFO  o.h.jpa.internal.util.LogHelper - HHH000204: Processing PersistenceUnitInfo [name: default]
2025-09-07 16:10:52.320 [main] INFO  org.hibernate.Version - HHH000412: Hibernate ORM core version 6.6.26.Final
2025-09-07 16:10:52.388 [main] INFO  o.h.c.i.RegionFactoryInitiator - HHH000026: Second-level cache disabled
2025-09-07 16:10:52.857 [main] INFO  o.s.o.j.p.SpringPersistenceUnitInfo - No LoadTimeWeaver setup: ignoring JPA class transformer
2025-09-07 16:10:53.103 [main] INFO  o.hibernate.orm.connections.pooling - HHH10001005: Database info:
	Database JDBC URL [Connecting through datasource 'HikariDataSource (HikariPool-1)']
	Database driver: undefined/unknown
	Database version: 15.5
	Autocommit mode: undefined/unknown
	Isolation level: undefined/unknown
	Minimum pool size: undefined/unknown
	Maximum pool size: undefined/unknown
2025-09-07 16:10:53.580 [main] INFO  o.h.e.t.j.p.i.JtaPlatformInitiator - HHH000489: No JTA platform available (set 'hibernate.transaction.jta.platform' to enable JTA platform integration)
2025-09-07 16:10:53.590 [main] INFO  o.s.o.j.LocalContainerEntityManagerFactoryBean - Initialized JPA EntityManagerFactory for persistence unit 'default'
2025-09-07 16:10:53.682 [main] WARN  o.s.b.a.o.j.JpaBaseConfiguration$JpaWebConfiguration - spring.jpa.open-in-view is enabled by default. Therefore, database queries may be performed during view rendering. Explicitly configure spring.jpa.open-in-view to disable this warning
2025-09-07 16:10:54.813 [main] INFO  o.a.coyote.http11.Http11NioProtocol - Starting ProtocolHandler ["http-nio-65000"]
2025-09-07 16:10:54.844 [main] INFO  o.s.b.w.e.tomcat.TomcatWebServer - Tomcat started on port 65000 (http) with context path '/stockanalytics'
2025-09-07 16:10:54.860 [main] INFO  c.e.s.StockAnalyticsApplication - Started StockAnalyticsApplication in 6.842 seconds (process running for 8.127)
2025-09-07 16:11:00.166 [http-nio-65000-exec-1] INFO  o.a.c.c.C.[.[.[/stockanalytics] - Initializing Spring DispatcherServlet 'dispatcherServlet'
2025-09-07 16:11:00.166 [http-nio-65000-exec-1] INFO  o.s.web.servlet.DispatcherServlet - Initializing Servlet 'dispatcherServlet'
2025-09-07 16:11:00.167 [http-nio-65000-exec-1] INFO  o.s.web.servlet.DispatcherServlet - Completed initialization in 1 ms
2025-09-07 16:15:36.803 [SpringApplicationShutdownHook] INFO  o.s.b.w.e.tomcat.GracefulShutdown - Commencing graceful shutdown. Waiting for active requests to complete
2025-09-07 16:15:36.847 [tomcat-shutdown] INFO  o.s.b.w.e.tomcat.GracefulShutdown - Graceful shutdown complete
2025-09-07 16:15:36.913 [SpringApplicationShutdownHook] INFO  o.s.o.j.LocalContainerEntityManagerFactoryBean - Closing JPA EntityManagerFactory for persistence unit 'default'
2025-09-07 16:15:36.960 [SpringApplicationShutdownHook] INFO  com.zaxxer.hikari.HikariDataSource - HikariPool-1 - Shutdown initiated...
2025-09-07 16:15:36.978 [SpringApplicationShutdownHook] INFO  com.zaxxer.hikari.HikariDataSource - HikariPool-1 - Shutdown completed.
2025-09-07 16:15:46.151 [main] INFO  c.e.s.StockAnalyticsApplication - Starting StockAnalyticsApplication using Java 24.0.2 with PID 12044 (C:\Users\karth\OneDrive\Desktop\EUREKA\SPRING-BOOT\springboot-stockanalytics-va-aug2025\target\classes started by karth in C:\Users\karth\OneDrive\Desktop\EUREKA\SPRING-BOOT\springboot-stockanalytics-va-aug2025)
2025-09-07 16:15:46.154 [main] INFO  c.e.s.StockAnalyticsApplication - No active profile set, falling back to 1 default profile: "default"
2025-09-07 16:15:47.345 [main] INFO  o.s.d.r.c.RepositoryConfigurationDelegate - Multiple Spring Data modules found, entering strict repository configuration mode
2025-09-07 16:15:47.348 [main] INFO  o.s.d.r.c.RepositoryConfigurationDelegate - Bootstrapping Spring Data JDBC repositories in DEFAULT mode.
2025-09-07 16:15:47.378 [main] INFO  o.s.d.r.c.RepositoryConfigurationDelegate - Finished Spring Data repository scanning in 19 ms. Found 0 JDBC repository interfaces.
2025-09-07 16:15:47.393 [main] INFO  o.s.d.r.c.RepositoryConfigurationDelegate - Multiple Spring Data modules found, entering strict repository configuration mode
2025-09-07 16:15:47.394 [main] INFO  o.s.d.r.c.RepositoryConfigurationDelegate - Bootstrapping Spring Data JPA repositories in DEFAULT mode.
2025-09-07 16:15:47.407 [main] INFO  o.s.d.r.c.RepositoryConfigurationDelegate - Finished Spring Data repository scanning in 3 ms. Found 0 JPA repository interfaces.
2025-09-07 16:15:47.707 [main] INFO  o.s.cloud.context.scope.GenericScope - BeanFactory id=5bbb302a-38ee-3566-8040-24a34b0b8cc6
2025-09-07 16:15:48.331 [main] INFO  o.s.b.w.e.tomcat.TomcatWebServer - Tomcat initialized with port 65000 (http)
2025-09-07 16:15:48.350 [main] INFO  o.a.coyote.http11.Http11NioProtocol - Initializing ProtocolHandler ["http-nio-65000"]
2025-09-07 16:15:48.355 [main] INFO  o.a.catalina.core.StandardService - Starting service [Tomcat]
2025-09-07 16:15:48.355 [main] INFO  o.a.catalina.core.StandardEngine - Starting Servlet engine: [Apache Tomcat/10.1.44]
2025-09-07 16:15:48.448 [main] INFO  o.a.c.c.C.[.[.[/stockanalytics] - Initializing Spring embedded WebApplicationContext
2025-09-07 16:15:48.449 [main] INFO  o.s.b.w.s.c.ServletWebServerApplicationContext - Root WebApplicationContext: initialization completed in 2216 ms
2025-09-07 16:15:48.675 [main] INFO  com.zaxxer.hikari.HikariDataSource - HikariPool-1 - Starting...
2025-09-07 16:15:49.101 [main] INFO  com.zaxxer.hikari.pool.HikariPool - HikariPool-1 - Added connection org.postgresql.jdbc.PgConnection@2c6c302f
2025-09-07 16:15:49.103 [main] INFO  com.zaxxer.hikari.HikariDataSource - HikariPool-1 - Start completed.
2025-09-07 16:15:49.180 [main] INFO  o.h.jpa.internal.util.LogHelper - HHH000204: Processing PersistenceUnitInfo [name: default]
2025-09-07 16:15:49.298 [main] INFO  org.hibernate.Version - HHH000412: Hibernate ORM core version 6.6.26.Final
2025-09-07 16:15:49.370 [main] INFO  o.h.c.i.RegionFactoryInitiator - HHH000026: Second-level cache disabled
2025-09-07 16:15:49.867 [main] INFO  o.s.o.j.p.SpringPersistenceUnitInfo - No LoadTimeWeaver setup: ignoring JPA class transformer
2025-09-07 16:15:50.152 [main] INFO  o.hibernate.orm.connections.pooling - HHH10001005: Database info:
	Database JDBC URL [Connecting through datasource 'HikariDataSource (HikariPool-1)']
	Database driver: undefined/unknown
	Database version: 15.5
	Autocommit mode: undefined/unknown
	Isolation level: undefined/unknown
	Minimum pool size: undefined/unknown
	Maximum pool size: undefined/unknown
2025-09-07 16:15:50.588 [main] INFO  o.h.e.t.j.p.i.JtaPlatformInitiator - HHH000489: No JTA platform available (set 'hibernate.transaction.jta.platform' to enable JTA platform integration)
2025-09-07 16:15:50.596 [main] INFO  o.s.o.j.LocalContainerEntityManagerFactoryBean - Initialized JPA EntityManagerFactory for persistence unit 'default'
2025-09-07 16:15:50.685 [main] WARN  o.s.b.a.o.j.JpaBaseConfiguration$JpaWebConfiguration - spring.jpa.open-in-view is enabled by default. Therefore, database queries may be performed during view rendering. Explicitly configure spring.jpa.open-in-view to disable this warning
2025-09-07 16:15:51.611 [main] INFO  o.a.coyote.http11.Http11NioProtocol - Starting ProtocolHandler ["http-nio-65000"]
2025-09-07 16:15:51.640 [main] INFO  o.s.b.w.e.tomcat.TomcatWebServer - Tomcat started on port 65000 (http) with context path '/stockanalytics'
2025-09-07 16:15:51.653 [main] INFO  c.e.s.StockAnalyticsApplication - Started StockAnalyticsApplication in 6.191 seconds (process running for 8.082)
2025-09-07 16:15:56.919 [http-nio-65000-exec-2] INFO  o.a.c.c.C.[.[.[/stockanalytics] - Initializing Spring DispatcherServlet 'dispatcherServlet'
2025-09-07 16:15:56.919 [http-nio-65000-exec-2] INFO  o.s.web.servlet.DispatcherServlet - Initializing Servlet 'dispatcherServlet'
2025-09-07 16:15:56.920 [http-nio-65000-exec-2] INFO  o.s.web.servlet.DispatcherServlet - Completed initialization in 1 ms
2025-09-07 16:16:26.492 [SpringApplicationShutdownHook] INFO  o.s.b.w.e.tomcat.GracefulShutdown - Commencing graceful shutdown. Waiting for active requests to complete
2025-09-07 16:16:26.497 [tomcat-shutdown] INFO  o.s.b.w.e.tomcat.GracefulShutdown - Graceful shutdown complete
2025-09-07 16:16:26.502 [SpringApplicationShutdownHook] INFO  o.s.o.j.LocalContainerEntityManagerFactoryBean - Closing JPA EntityManagerFactory for persistence unit 'default'
2025-09-07 16:16:26.505 [SpringApplicationShutdownHook] INFO  com.zaxxer.hikari.HikariDataSource - HikariPool-1 - Shutdown initiated...
2025-09-07 16:16:26.508 [SpringApplicationShutdownHook] INFO  com.zaxxer.hikari.HikariDataSource - HikariPool-1 - Shutdown completed.
2025-09-07 16:16:30.866 [main] INFO  c.e.s.StockAnalyticsApplication - Starting StockAnalyticsApplication using Java 24.0.2 with PID 12328 (C:\Users\karth\OneDrive\Desktop\EUREKA\SPRING-BOOT\springboot-stockanalytics-va-aug2025\target\classes started by karth in C:\Users\karth\OneDrive\Desktop\EUREKA\SPRING-BOOT\springboot-stockanalytics-va-aug2025)
2025-09-07 16:16:30.869 [main] INFO  c.e.s.StockAnalyticsApplication - No active profile set, falling back to 1 default profile: "default"
2025-09-07 16:16:31.862 [main] INFO  o.s.d.r.c.RepositoryConfigurationDelegate - Multiple Spring Data modules found, entering strict repository configuration mode
2025-09-07 16:16:31.864 [main] INFO  o.s.d.r.c.RepositoryConfigurationDelegate - Bootstrapping Spring Data JDBC repositories in DEFAULT mode.
2025-09-07 16:16:31.893 [main] INFO  o.s.d.r.c.RepositoryConfigurationDelegate - Finished Spring Data repository scanning in 20 ms. Found 0 JDBC repository interfaces.
2025-09-07 16:16:31.910 [main] INFO  o.s.d.r.c.RepositoryConfigurationDelegate - Multiple Spring Data modules found, entering strict repository configuration mode
2025-09-07 16:16:31.911 [main] INFO  o.s.d.r.c.RepositoryConfigurationDelegate - Bootstrapping Spring Data JPA repositories in DEFAULT mode.
2025-09-07 16:16:31.925 [main] INFO  o.s.d.r.c.RepositoryConfigurationDelegate - Finished Spring Data repository scanning in 5 ms. Found 0 JPA repository interfaces.
2025-09-07 16:16:32.193 [main] INFO  o.s.cloud.context.scope.GenericScope - BeanFactory id=5bbb302a-38ee-3566-8040-24a34b0b8cc6
2025-09-07 16:16:32.726 [main] INFO  o.s.b.w.e.tomcat.TomcatWebServer - Tomcat initialized with port 65000 (http)
2025-09-07 16:16:32.748 [main] INFO  o.a.coyote.http11.Http11NioProtocol - Initializing ProtocolHandler ["http-nio-65000"]
2025-09-07 16:16:32.753 [main] INFO  o.a.catalina.core.StandardService - Starting service [Tomcat]
2025-09-07 16:16:32.753 [main] INFO  o.a.catalina.core.StandardEngine - Starting Servlet engine: [Apache Tomcat/10.1.44]
2025-09-07 16:16:32.842 [main] INFO  o.a.c.c.C.[.[.[/stockanalytics] - Initializing Spring embedded WebApplicationContext
2025-09-07 16:16:32.842 [main] INFO  o.s.b.w.s.c.ServletWebServerApplicationContext - Root WebApplicationContext: initialization completed in 1905 ms
2025-09-07 16:16:33.043 [main] INFO  com.zaxxer.hikari.HikariDataSource - HikariPool-1 - Starting...
2025-09-07 16:16:33.341 [main] INFO  com.zaxxer.hikari.pool.HikariPool - HikariPool-1 - Added connection org.postgresql.jdbc.PgConnection@48bc2fce
2025-09-07 16:16:33.343 [main] INFO  com.zaxxer.hikari.HikariDataSource - HikariPool-1 - Start completed.
2025-09-07 16:16:33.416 [main] INFO  o.h.jpa.internal.util.LogHelper - HHH000204: Processing PersistenceUnitInfo [name: default]
2025-09-07 16:16:33.527 [main] INFO  org.hibernate.Version - HHH000412: Hibernate ORM core version 6.6.26.Final
2025-09-07 16:16:33.596 [main] INFO  o.h.c.i.RegionFactoryInitiator - HHH000026: Second-level cache disabled
2025-09-07 16:16:34.027 [main] INFO  o.s.o.j.p.SpringPersistenceUnitInfo - No LoadTimeWeaver setup: ignoring JPA class transformer
2025-09-07 16:16:34.257 [main] INFO  o.hibernate.orm.connections.pooling - HHH10001005: Database info:
	Database JDBC URL [Connecting through datasource 'HikariDataSource (HikariPool-1)']
	Database driver: undefined/unknown
	Database version: 15.5
	Autocommit mode: undefined/unknown
	Isolation level: undefined/unknown
	Minimum pool size: undefined/unknown
	Maximum pool size: undefined/unknown
2025-09-07 16:16:34.700 [main] INFO  o.h.e.t.j.p.i.JtaPlatformInitiator - HHH000489: No JTA platform available (set 'hibernate.transaction.jta.platform' to enable JTA platform integration)
2025-09-07 16:16:34.705 [main] INFO  o.s.o.j.LocalContainerEntityManagerFactoryBean - Initialized JPA EntityManagerFactory for persistence unit 'default'
2025-09-07 16:16:34.789 [main] WARN  o.s.b.a.o.j.JpaBaseConfiguration$JpaWebConfiguration - spring.jpa.open-in-view is enabled by default. Therefore, database queries may be performed during view rendering. Explicitly configure spring.jpa.open-in-view to disable this warning
2025-09-07 16:16:35.531 [main] INFO  o.a.coyote.http11.Http11NioProtocol - Starting ProtocolHandler ["http-nio-65000"]
2025-09-07 16:16:35.558 [main] INFO  o.s.b.w.e.tomcat.TomcatWebServer - Tomcat started on port 65000 (http) with context path '/stockanalytics'
2025-09-07 16:16:35.571 [main] INFO  c.e.s.StockAnalyticsApplication - Started StockAnalyticsApplication in 5.266 seconds (process running for 6.445)
2025-09-07 16:16:44.074 [http-nio-65000-exec-1] INFO  o.a.c.c.C.[.[.[/stockanalytics] - Initializing Spring DispatcherServlet 'dispatcherServlet'
2025-09-07 16:16:44.074 [http-nio-65000-exec-1] INFO  o.s.web.servlet.DispatcherServlet - Initializing Servlet 'dispatcherServlet'
2025-09-07 16:16:44.076 [http-nio-65000-exec-1] INFO  o.s.web.servlet.DispatcherServlet - Completed initialization in 2 ms
2025-09-07 16:18:11.875 [SpringApplicationShutdownHook] INFO  o.s.b.w.e.tomcat.GracefulShutdown - Commencing graceful shutdown. Waiting for active requests to complete
2025-09-07 16:18:11.889 [tomcat-shutdown] INFO  o.s.b.w.e.tomcat.GracefulShutdown - Graceful shutdown complete
2025-09-07 16:18:11.905 [SpringApplicationShutdownHook] INFO  o.s.o.j.LocalContainerEntityManagerFactoryBean - Closing JPA EntityManagerFactory for persistence unit 'default'
2025-09-07 16:18:11.915 [SpringApplicationShutdownHook] INFO  com.zaxxer.hikari.HikariDataSource - HikariPool-1 - Shutdown initiated...
2025-09-07 16:18:11.922 [SpringApplicationShutdownHook] INFO  com.zaxxer.hikari.HikariDataSource - HikariPool-1 - Shutdown completed.
2025-09-07 16:18:17.023 [main] INFO  c.e.s.StockAnalyticsApplication - Starting StockAnalyticsApplication using Java 24.0.2 with PID 4956 (C:\Users\karth\OneDrive\Desktop\EUREKA\SPRING-BOOT\springboot-stockanalytics-va-aug2025\target\classes started by karth in C:\Users\karth\OneDrive\Desktop\EUREKA\SPRING-BOOT\springboot-stockanalytics-va-aug2025)
2025-09-07 16:18:17.026 [main] INFO  c.e.s.StockAnalyticsApplication - No active profile set, falling back to 1 default profile: "default"
2025-09-07 16:18:18.154 [main] INFO  o.s.d.r.c.RepositoryConfigurationDelegate - Multiple Spring Data modules found, entering strict repository configuration mode
2025-09-07 16:18:18.157 [main] INFO  o.s.d.r.c.RepositoryConfigurationDelegate - Bootstrapping Spring Data JDBC repositories in DEFAULT mode.
2025-09-07 16:18:18.183 [main] INFO  o.s.d.r.c.RepositoryConfigurationDelegate - Finished Spring Data repository scanning in 19 ms. Found 0 JDBC repository interfaces.
2025-09-07 16:18:18.197 [main] INFO  o.s.d.r.c.RepositoryConfigurationDelegate - Multiple Spring Data modules found, entering strict repository configuration mode
2025-09-07 16:18:18.199 [main] INFO  o.s.d.r.c.RepositoryConfigurationDelegate - Bootstrapping Spring Data JPA repositories in DEFAULT mode.
2025-09-07 16:18:18.211 [main] INFO  o.s.d.r.c.RepositoryConfigurationDelegate - Finished Spring Data repository scanning in 4 ms. Found 0 JPA repository interfaces.
2025-09-07 16:18:18.510 [main] INFO  o.s.cloud.context.scope.GenericScope - BeanFactory id=5bbb302a-38ee-3566-8040-24a34b0b8cc6
2025-09-07 16:18:19.133 [main] INFO  o.s.b.w.e.tomcat.TomcatWebServer - Tomcat initialized with port 65000 (http)
2025-09-07 16:18:19.157 [main] INFO  o.a.coyote.http11.Http11NioProtocol - Initializing ProtocolHandler ["http-nio-65000"]
2025-09-07 16:18:19.164 [main] INFO  o.a.catalina.core.StandardService - Starting service [Tomcat]
2025-09-07 16:18:19.164 [main] INFO  o.a.catalina.core.StandardEngine - Starting Servlet engine: [Apache Tomcat/10.1.44]
2025-09-07 16:18:19.255 [main] INFO  o.a.c.c.C.[.[.[/stockanalytics] - Initializing Spring embedded WebApplicationContext
2025-09-07 16:18:19.256 [main] INFO  o.s.b.w.s.c.ServletWebServerApplicationContext - Root WebApplicationContext: initialization completed in 2157 ms
2025-09-07 16:18:19.469 [main] INFO  com.zaxxer.hikari.HikariDataSource - HikariPool-1 - Starting...
2025-09-07 16:18:19.844 [main] INFO  com.zaxxer.hikari.pool.HikariPool - HikariPool-1 - Added connection org.postgresql.jdbc.PgConnection@570a62a5
2025-09-07 16:18:19.850 [main] INFO  com.zaxxer.hikari.HikariDataSource - HikariPool-1 - Start completed.
2025-09-07 16:18:19.918 [main] INFO  o.h.jpa.internal.util.LogHelper - HHH000204: Processing PersistenceUnitInfo [name: default]
2025-09-07 16:18:20.030 [main] INFO  org.hibernate.Version - HHH000412: Hibernate ORM core version 6.6.26.Final
2025-09-07 16:18:20.105 [main] INFO  o.h.c.i.RegionFactoryInitiator - HHH000026: Second-level cache disabled
2025-09-07 16:18:20.571 [main] INFO  o.s.o.j.p.SpringPersistenceUnitInfo - No LoadTimeWeaver setup: ignoring JPA class transformer
2025-09-07 16:18:20.813 [main] INFO  o.hibernate.orm.connections.pooling - HHH10001005: Database info:
	Database JDBC URL [Connecting through datasource 'HikariDataSource (HikariPool-1)']
	Database driver: undefined/unknown
	Database version: 15.5
	Autocommit mode: undefined/unknown
	Isolation level: undefined/unknown
	Minimum pool size: undefined/unknown
	Maximum pool size: undefined/unknown
2025-09-07 16:18:21.244 [main] INFO  o.h.e.t.j.p.i.JtaPlatformInitiator - HHH000489: No JTA platform available (set 'hibernate.transaction.jta.platform' to enable JTA platform integration)
2025-09-07 16:18:21.251 [main] INFO  o.s.o.j.LocalContainerEntityManagerFactoryBean - Initialized JPA EntityManagerFactory for persistence unit 'default'
2025-09-07 16:18:21.270 [main] WARN  o.s.b.w.s.c.AnnotationConfigServletWebServerApplicationContext - Exception encountered during context initialization - cancelling refresh attempt: org.springframework.beans.factory.UnsatisfiedDependencyException: Error creating bean with name 'financeController': Unsatisfied dependency expressed through field 'financeAnalylticService': Error creating bean with name 'financeAnalylticService': Invalid autowire-marked constructor: public com.eureka.stockAnalytics.service.FinanceAnalylticService(com.eureka.stockAnalytics.DAO.StocksPriceHistoryDAO). Found constructor with 'required' Autowired annotation already: public com.eureka.stockAnalytics.service.FinanceAnalylticService(com.eureka.stockAnalytics.DAO.SectorLookupDAO)
2025-09-07 16:18:21.271 [main] INFO  o.s.o.j.LocalContainerEntityManagerFactoryBean - Closing JPA EntityManagerFactory for persistence unit 'default'
2025-09-07 16:18:21.275 [main] INFO  com.zaxxer.hikari.HikariDataSource - HikariPool-1 - Shutdown initiated...
2025-09-07 16:18:21.279 [main] INFO  com.zaxxer.hikari.HikariDataSource - HikariPool-1 - Shutdown completed.
2025-09-07 16:18:21.282 [main] INFO  o.a.catalina.core.StandardService - Stopping service [Tomcat]
2025-09-07 16:18:21.296 [main] INFO  o.s.b.a.l.ConditionEvaluationReportLogger - 

Error starting ApplicationContext. To display the condition evaluation report re-run your application with 'debug' enabled.
2025-09-07 16:18:21.325 [main] ERROR o.s.boot.SpringApplication - Application run failed
org.springframework.beans.factory.UnsatisfiedDependencyException: Error creating bean with name 'financeController': Unsatisfied dependency expressed through field 'financeAnalylticService': Error creating bean with name 'financeAnalylticService': Invalid autowire-marked constructor: public com.eureka.stockAnalytics.service.FinanceAnalylticService(com.eureka.stockAnalytics.DAO.StocksPriceHistoryDAO). Found constructor with 'required' Autowired annotation already: public com.eureka.stockAnalytics.service.FinanceAnalylticService(com.eureka.stockAnalytics.DAO.SectorLookupDAO)
	at org.springframework.beans.factory.annotation.AutowiredAnnotationBeanPostProcessor$AutowiredFieldElement.resolveFieldValue(AutowiredAnnotationBeanPostProcessor.java:788)
	at org.springframework.beans.factory.annotation.AutowiredAnnotationBeanPostProcessor$AutowiredFieldElement.inject(AutowiredAnnotationBeanPostProcessor.java:768)
	at org.springframework.beans.factory.annotation.InjectionMetadata.inject(InjectionMetadata.java:146)
	at org.springframework.beans.factory.annotation.AutowiredAnnotationBeanPostProcessor.postProcessProperties(AutowiredAnnotationBeanPostProcessor.java:509)
	at org.springframework.beans.factory.support.AbstractAutowireCapableBeanFactory.populateBean(AbstractAutowireCapableBeanFactory.java:1459)
	at org.springframework.beans.factory.support.AbstractAutowireCapableBeanFactory.doCreateBean(AbstractAutowireCapableBeanFactory.java:606)
	at org.springframework.beans.factory.support.AbstractAutowireCapableBeanFactory.createBean(AbstractAutowireCapableBeanFactory.java:529)
	at org.springframework.beans.factory.support.AbstractBeanFactory.lambda$doGetBean$0(AbstractBeanFactory.java:339)
	at org.springframework.beans.factory.support.DefaultSingletonBeanRegistry.getSingleton(DefaultSingletonBeanRegistry.java:373)
	at org.springframework.beans.factory.support.AbstractBeanFactory.doGetBean(AbstractBeanFactory.java:337)
	at org.springframework.beans.factory.support.AbstractBeanFactory.getBean(AbstractBeanFactory.java:202)
	at org.springframework.beans.factory.support.DefaultListableBeanFactory.instantiateSingleton(DefaultListableBeanFactory.java:1222)
	at org.springframework.beans.factory.support.DefaultListableBeanFactory.preInstantiateSingleton(DefaultListableBeanFactory.java:1188)
	at org.springframework.beans.factory.support.DefaultListableBeanFactory.preInstantiateSingletons(DefaultListableBeanFactory.java:1123)
	at org.springframework.context.support.AbstractApplicationContext.finishBeanFactoryInitialization(AbstractApplicationContext.java:987)
	at org.springframework.context.support.AbstractApplicationContext.refresh(AbstractApplicationContext.java:627)
	at org.springframework.boot.web.servlet.context.ServletWebServerApplicationContext.refresh(ServletWebServerApplicationContext.java:146)
	at org.springframework.boot.SpringApplication.refresh(SpringApplication.java:752)
	at org.springframework.boot.SpringApplication.refreshContext(SpringApplication.java:439)
	at org.springframework.boot.SpringApplication.run(SpringApplication.java:318)
	at org.springframework.boot.SpringApplication.run(SpringApplication.java:1361)
	at org.springframework.boot.SpringApplication.run(SpringApplication.java:1350)
	at com.eureka.stockAnalytics.StockAnalyticsApplication.main(StockAnalyticsApplication.java:11)
Caused by: org.springframework.beans.factory.BeanCreationException: Error creating bean with name 'financeAnalylticService': Invalid autowire-marked constructor: public com.eureka.stockAnalytics.service.FinanceAnalylticService(com.eureka.stockAnalytics.DAO.StocksPriceHistoryDAO). Found constructor with 'required' Autowired annotation already: public com.eureka.stockAnalytics.service.FinanceAnalylticService(com.eureka.stockAnalytics.DAO.SectorLookupDAO)
	at org.springframework.beans.factory.annotation.AutowiredAnnotationBeanPostProcessor.determineCandidateConstructors(AutowiredAnnotationBeanPostProcessor.java:414)
	at org.springframework.beans.factory.support.AbstractAutowireCapableBeanFactory.determineConstructorsFromBeanPostProcessors(AbstractAutowireCapableBeanFactory.java:1334)
	at org.springframework.beans.factory.support.AbstractAutowireCapableBeanFactory.createBeanInstance(AbstractAutowireCapableBeanFactory.java:1229)
	at org.springframework.beans.factory.support.AbstractAutowireCapableBeanFactory.doCreateBean(AbstractAutowireCapableBeanFactory.java:569)
	at org.springframework.beans.factory.support.AbstractAutowireCapableBeanFactory.createBean(AbstractAutowireCapableBeanFactory.java:529)
	at org.springframework.beans.factory.support.AbstractBeanFactory.lambda$doGetBean$0(AbstractBeanFactory.java:339)
	at org.springframework.beans.factory.support.DefaultSingletonBeanRegistry.getSingleton(DefaultSingletonBeanRegistry.java:373)
	at org.springframework.beans.factory.support.AbstractBeanFactory.doGetBean(AbstractBeanFactory.java:337)
	at org.springframework.beans.factory.support.AbstractBeanFactory.getBean(AbstractBeanFactory.java:202)
	at org.springframework.beans.factory.support.DefaultListableBeanFactory.doResolveDependency(DefaultListableBeanFactory.java:1690)
	at org.springframework.beans.factory.support.DefaultListableBeanFactory.resolveDependency(DefaultListableBeanFactory.java:1635)
	at org.springframework.beans.factory.annotation.AutowiredAnnotationBeanPostProcessor$AutowiredFieldElement.resolveFieldValue(AutowiredAnnotationBeanPostProcessor.java:785)
	... 22 common frames omitted
2025-09-07 16:19:27.986 [main] INFO  c.e.s.StockAnalyticsApplication - Starting StockAnalyticsApplication using Java 24.0.2 with PID 10008 (C:\Users\karth\OneDrive\Desktop\EUREKA\SPRING-BOOT\springboot-stockanalytics-va-aug2025\target\classes started by karth in C:\Users\karth\OneDrive\Desktop\EUREKA\SPRING-BOOT\springboot-stockanalytics-va-aug2025)
2025-09-07 16:19:27.989 [main] INFO  c.e.s.StockAnalyticsApplication - No active profile set, falling back to 1 default profile: "default"
2025-09-07 16:19:29.147 [main] INFO  o.s.d.r.c.RepositoryConfigurationDelegate - Multiple Spring Data modules found, entering strict repository configuration mode
2025-09-07 16:19:29.149 [main] INFO  o.s.d.r.c.RepositoryConfigurationDelegate - Bootstrapping Spring Data JDBC repositories in DEFAULT mode.
2025-09-07 16:19:29.180 [main] INFO  o.s.d.r.c.RepositoryConfigurationDelegate - Finished Spring Data repository scanning in 20 ms. Found 0 JDBC repository interfaces.
2025-09-07 16:19:29.197 [main] INFO  o.s.d.r.c.RepositoryConfigurationDelegate - Multiple Spring Data modules found, entering strict repository configuration mode
2025-09-07 16:19:29.199 [main] INFO  o.s.d.r.c.RepositoryConfigurationDelegate - Bootstrapping Spring Data JPA repositories in DEFAULT mode.
2025-09-07 16:19:29.213 [main] INFO  o.s.d.r.c.RepositoryConfigurationDelegate - Finished Spring Data repository scanning in 4 ms. Found 0 JPA repository interfaces.
2025-09-07 16:19:29.514 [main] INFO  o.s.cloud.context.scope.GenericScope - BeanFactory id=5bbb302a-38ee-3566-8040-24a34b0b8cc6
2025-09-07 16:19:30.081 [main] INFO  o.s.b.w.e.tomcat.TomcatWebServer - Tomcat initialized with port 65000 (http)
2025-09-07 16:19:30.103 [main] INFO  o.a.coyote.http11.Http11NioProtocol - Initializing ProtocolHandler ["http-nio-65000"]
2025-09-07 16:19:30.105 [main] INFO  o.a.catalina.core.StandardService - Starting service [Tomcat]
2025-09-07 16:19:30.106 [main] INFO  o.a.catalina.core.StandardEngine - Starting Servlet engine: [Apache Tomcat/10.1.44]
2025-09-07 16:19:30.195 [main] INFO  o.a.c.c.C.[.[.[/stockanalytics] - Initializing Spring embedded WebApplicationContext
2025-09-07 16:19:30.196 [main] INFO  o.s.b.w.s.c.ServletWebServerApplicationContext - Root WebApplicationContext: initialization completed in 2130 ms
2025-09-07 16:19:30.417 [main] INFO  com.zaxxer.hikari.HikariDataSource - HikariPool-1 - Starting...
2025-09-07 16:19:30.760 [main] INFO  com.zaxxer.hikari.pool.HikariPool - HikariPool-1 - Added connection org.postgresql.jdbc.PgConnection@36224f93
2025-09-07 16:19:30.766 [main] INFO  com.zaxxer.hikari.HikariDataSource - HikariPool-1 - Start completed.
2025-09-07 16:19:30.840 [main] INFO  o.h.jpa.internal.util.LogHelper - HHH000204: Processing PersistenceUnitInfo [name: default]
2025-09-07 16:19:30.930 [main] INFO  org.hibernate.Version - HHH000412: Hibernate ORM core version 6.6.26.Final
2025-09-07 16:19:30.996 [main] INFO  o.h.c.i.RegionFactoryInitiator - HHH000026: Second-level cache disabled
2025-09-07 16:19:31.484 [main] INFO  o.s.o.j.p.SpringPersistenceUnitInfo - No LoadTimeWeaver setup: ignoring JPA class transformer
2025-09-07 16:19:31.745 [main] INFO  o.hibernate.orm.connections.pooling - HHH10001005: Database info:
	Database JDBC URL [Connecting through datasource 'HikariDataSource (HikariPool-1)']
	Database driver: undefined/unknown
	Database version: 15.5
	Autocommit mode: undefined/unknown
	Isolation level: undefined/unknown
	Minimum pool size: undefined/unknown
	Maximum pool size: undefined/unknown
2025-09-07 16:19:32.160 [main] INFO  o.h.e.t.j.p.i.JtaPlatformInitiator - HHH000489: No JTA platform available (set 'hibernate.transaction.jta.platform' to enable JTA platform integration)
2025-09-07 16:19:32.165 [main] INFO  o.s.o.j.LocalContainerEntityManagerFactoryBean - Initialized JPA EntityManagerFactory for persistence unit 'default'
2025-09-07 16:19:32.249 [main] WARN  o.s.b.a.o.j.JpaBaseConfiguration$JpaWebConfiguration - spring.jpa.open-in-view is enabled by default. Therefore, database queries may be performed during view rendering. Explicitly configure spring.jpa.open-in-view to disable this warning
2025-09-07 16:19:33.017 [main] INFO  o.a.coyote.http11.Http11NioProtocol - Starting ProtocolHandler ["http-nio-65000"]
2025-09-07 16:19:33.038 [main] INFO  o.s.b.w.e.tomcat.TomcatWebServer - Tomcat started on port 65000 (http) with context path '/stockanalytics'
2025-09-07 16:19:33.052 [main] INFO  c.e.s.StockAnalyticsApplication - Started StockAnalyticsApplication in 5.674 seconds (process running for 6.844)
2025-09-07 16:19:39.047 [http-nio-65000-exec-7] INFO  o.a.c.c.C.[.[.[/stockanalytics] - Initializing Spring DispatcherServlet 'dispatcherServlet'
2025-09-07 16:19:39.047 [http-nio-65000-exec-7] INFO  o.s.web.servlet.DispatcherServlet - Initializing Servlet 'dispatcherServlet'
2025-09-07 16:19:39.048 [http-nio-65000-exec-7] INFO  o.s.web.servlet.DispatcherServlet - Completed initialization in 1 ms
2025-09-07 16:25:20.085 [SpringApplicationShutdownHook] INFO  o.s.b.w.e.tomcat.GracefulShutdown - Commencing graceful shutdown. Waiting for active requests to complete
2025-09-07 16:25:20.114 [tomcat-shutdown] INFO  o.s.b.w.e.tomcat.GracefulShutdown - Graceful shutdown complete
2025-09-07 16:25:20.146 [SpringApplicationShutdownHook] INFO  o.s.o.j.LocalContainerEntityManagerFactoryBean - Closing JPA EntityManagerFactory for persistence unit 'default'
2025-09-07 16:25:20.168 [SpringApplicationShutdownHook] INFO  com.zaxxer.hikari.HikariDataSource - HikariPool-1 - Shutdown initiated...
2025-09-07 16:25:20.176 [SpringApplicationShutdownHook] INFO  com.zaxxer.hikari.HikariDataSource - HikariPool-1 - Shutdown completed.
